[0.009s] Invoking command in '/media/handsfree/新加卷/__Project/_weight/ROS2/x1_urdf/build/x1_urdf': CMAKE_PREFIX_PATH=${CMAKE_PREFIX_PATH}:/opt/ros/foxy CONDA_PROMPT_MODIFIER=(base) /usr/local/bin/cmake /media/handsfree/新加卷/__Project/_weight/ROS2/x1_urdf -DCMAKE_INSTALL_PREFIX=/media/handsfree/新加卷/__Project/_weight/ROS2/x1_urdf/install/x1_urdf
[0.088s] -- The C compiler identification is GNU 9.4.0
[0.220s] -- The CXX compiler identification is GNU 9.4.0
[0.236s] -- Detecting C compiler ABI info
[0.362s] -- Detecting C compiler ABI info - done
[0.374s] -- Check for working C compiler: /usr/bin/cc - skipped
[0.374s] -- Detecting C compile features
[0.375s] -- Detecting C compile features - done
[0.378s] -- Detecting CXX compiler ABI info
[0.504s] -- Detecting CXX compiler ABI info - done
[0.520s] -- Check for working CXX compiler: /usr/bin/c++ - skipped
[0.520s] -- Detecting CXX compile features
[0.521s] -- Detecting CXX compile features - done
[0.525s] -- Found ament_cmake: 0.9.12 (/opt/ros/foxy/share/ament_cmake/cmake)
[0.530s] [33mCMake Warning (dev) at /opt/ros/foxy/share/ament_cmake_core/cmake/core/python.cmake:22 (find_package):
[0.530s]   Policy CMP0148 is not set: The FindPythonInterp and FindPythonLibs modules
[0.530s]   are removed.  Run "cmake --help-policy CMP0148" for policy details.  Use
[0.530s]   the cmake_policy command to set the policy and suppress this warning.
[0.530s] 
[0.530s] Call Stack (most recent call first):
[0.530s]   /opt/ros/foxy/share/ament_cmake_core/cmake/core/all.cmake:53 (include)
[0.530s]   /opt/ros/foxy/share/ament_cmake_core/cmake/ament_cmake_core-extras.cmake:17 (include)
[0.530s]   /opt/ros/foxy/share/ament_cmake_core/cmake/ament_cmake_coreConfig.cmake:41 (include)
[0.530s]   /opt/ros/foxy/share/ament_cmake/cmake/ament_cmake_export_dependencies-extras.cmake:15 (find_package)
[0.530s]   /opt/ros/foxy/share/ament_cmake/cmake/ament_cmakeConfig.cmake:41 (include)
[0.531s]   CMakeLists.txt:19 (find_package)
[0.531s] This warning is for project developers.  Use -Wno-dev to suppress it.
[0.531s] [0m
[0.541s] -- Found PythonInterp: /opt/ros/foxy/bin/python3 (found suitable version "3.8.10", minimum required is "3")
[0.541s] -- Using PYTHON_EXECUTABLE: /opt/ros/foxy/bin/python3
[0.670s] -- Found ament_lint_auto: 0.9.8 (/opt/ros/foxy/share/ament_lint_auto/cmake)
[0.735s] -- Added test 'copyright' to check source files copyright and LICENSE
[0.957s] -- Added test 'cppcheck' to perform static code analysis on C / C++ code
[0.957s] -- Configured cppcheck include dirs: 
[0.957s] -- Configured cppcheck exclude dirs and/or files: 
[1.178s] -- Added test 'cpplint' to check C / C++ code against the Google style
[1.178s] -- Configured cpplint exclude dirs and/or files: 
[1.207s] -- Added test 'flake8' to check Python code syntax and style conventions
[1.263s] -- Added test 'lint_cmake' to check CMake code style
[1.293s] -- Added test 'pep257' to check Python code against some of the style conventions in PEP 257
[1.525s] -- Added test 'uncrustify' to check C / C++ code style
[1.526s] -- Configured uncrustify additional arguments: 
[1.555s] -- Added test 'xmllint' to check XML markup files
[1.560s] -- Configuring done (1.5s)
[1.573s] -- Generating done (0.0s)
[1.576s] -- Build files have been written to: /media/handsfree/新加卷/__Project/_weight/ROS2/x1_urdf/build/x1_urdf
[1.578s] Invoked command in '/media/handsfree/新加卷/__Project/_weight/ROS2/x1_urdf/build/x1_urdf' returned '0': CMAKE_PREFIX_PATH=${CMAKE_PREFIX_PATH}:/opt/ros/foxy CONDA_PROMPT_MODIFIER=(base) /usr/local/bin/cmake /media/handsfree/新加卷/__Project/_weight/ROS2/x1_urdf -DCMAKE_INSTALL_PREFIX=/media/handsfree/新加卷/__Project/_weight/ROS2/x1_urdf/install/x1_urdf
[1.580s] Invoking command in '/media/handsfree/新加卷/__Project/_weight/ROS2/x1_urdf/build/x1_urdf': CMAKE_PREFIX_PATH=${CMAKE_PREFIX_PATH}:/opt/ros/foxy CONDA_PROMPT_MODIFIER=(base) /usr/local/bin/cmake --build /media/handsfree/新加卷/__Project/_weight/ROS2/x1_urdf/build/x1_urdf -- -j20 -l20
[1.592s] Invoked command in '/media/handsfree/新加卷/__Project/_weight/ROS2/x1_urdf/build/x1_urdf' returned '0': CMAKE_PREFIX_PATH=${CMAKE_PREFIX_PATH}:/opt/ros/foxy CONDA_PROMPT_MODIFIER=(base) /usr/local/bin/cmake --build /media/handsfree/新加卷/__Project/_weight/ROS2/x1_urdf/build/x1_urdf -- -j20 -l20
[1.604s] Invoking command in '/media/handsfree/新加卷/__Project/_weight/ROS2/x1_urdf/build/x1_urdf': CMAKE_PREFIX_PATH=${CMAKE_PREFIX_PATH}:/opt/ros/foxy CONDA_PROMPT_MODIFIER=(base) /usr/local/bin/cmake --install /media/handsfree/新加卷/__Project/_weight/ROS2/x1_urdf/build/x1_urdf
[1.605s] -- Install configuration: ""
[1.605s] -- Up-to-date: /media/handsfree/新加卷/__Project/_weight/ROS2/x1_urdf/install/x1_urdf/share/x1_urdf/launch
[1.606s] -- Installing: /media/handsfree/新加卷/__Project/_weight/ROS2/x1_urdf/install/x1_urdf/share/x1_urdf/launch/display.launch.py
[1.607s] -- Installing: /media/handsfree/新加卷/__Project/_weight/ROS2/x1_urdf/install/x1_urdf/share/x1_urdf/launch/display.launch_old.py
[1.608s] -- Up-to-date: /media/handsfree/新加卷/__Project/_weight/ROS2/x1_urdf/install/x1_urdf/share/x1_urdf/urdf
[1.608s] -- Up-to-date: /media/handsfree/新加卷/__Project/_weight/ROS2/x1_urdf/install/x1_urdf/share/x1_urdf/urdf/build
[1.609s] -- Up-to-date: /media/handsfree/新加卷/__Project/_weight/ROS2/x1_urdf/install/x1_urdf/share/x1_urdf/urdf/build/.built_by
[1.609s] -- Up-to-date: /media/handsfree/新加卷/__Project/_weight/ROS2/x1_urdf/install/x1_urdf/share/x1_urdf/urdf/build/COLCON_IGNORE
[1.610s] -- Up-to-date: /media/handsfree/新加卷/__Project/_weight/ROS2/x1_urdf/install/x1_urdf/share/x1_urdf/urdf/install
[1.610s] -- Up-to-date: /media/handsfree/新加卷/__Project/_weight/ROS2/x1_urdf/install/x1_urdf/share/x1_urdf/urdf/install/.colcon_install_layout
[1.610s] -- Up-to-date: /media/handsfree/新加卷/__Project/_weight/ROS2/x1_urdf/install/x1_urdf/share/x1_urdf/urdf/install/COLCON_IGNORE
[1.611s] -- Up-to-date: /media/handsfree/新加卷/__Project/_weight/ROS2/x1_urdf/install/x1_urdf/share/x1_urdf/urdf/install/local_setup.bash
[1.611s] -- Up-to-date: /media/handsfree/新加卷/__Project/_weight/ROS2/x1_urdf/install/x1_urdf/share/x1_urdf/urdf/install/local_setup.ps1
[1.611s] -- Up-to-date: /media/handsfree/新加卷/__Project/_weight/ROS2/x1_urdf/install/x1_urdf/share/x1_urdf/urdf/install/local_setup.sh
[1.612s] -- Up-to-date: /media/handsfree/新加卷/__Project/_weight/ROS2/x1_urdf/install/x1_urdf/share/x1_urdf/urdf/install/local_setup.zsh
[1.612s] -- Up-to-date: /media/handsfree/新加卷/__Project/_weight/ROS2/x1_urdf/install/x1_urdf/share/x1_urdf/urdf/install/setup.bash
[1.612s] -- Up-to-date: /media/handsfree/新加卷/__Project/_weight/ROS2/x1_urdf/install/x1_urdf/share/x1_urdf/urdf/install/setup.ps1
[1.613s] -- Up-to-date: /media/handsfree/新加卷/__Project/_weight/ROS2/x1_urdf/install/x1_urdf/share/x1_urdf/urdf/install/setup.sh
[1.613s] -- Up-to-date: /media/handsfree/新加卷/__Project/_weight/ROS2/x1_urdf/install/x1_urdf/share/x1_urdf/urdf/install/setup.zsh
[1.613s] -- Up-to-date: /media/handsfree/新加卷/__Project/_weight/ROS2/x1_urdf/install/x1_urdf/share/x1_urdf/urdf/install/_local_setup_util_ps1.py
[1.614s] -- Up-to-date: /media/handsfree/新加卷/__Project/_weight/ROS2/x1_urdf/install/x1_urdf/share/x1_urdf/urdf/install/_local_setup_util_sh.py
[1.614s] -- Up-to-date: /media/handsfree/新加卷/__Project/_weight/ROS2/x1_urdf/install/x1_urdf/share/x1_urdf/urdf/log
[1.614s] -- Up-to-date: /media/handsfree/新加卷/__Project/_weight/ROS2/x1_urdf/install/x1_urdf/share/x1_urdf/urdf/log/build_2025-03-30_14-46-56
[1.615s] -- Up-to-date: /media/handsfree/新加卷/__Project/_weight/ROS2/x1_urdf/install/x1_urdf/share/x1_urdf/urdf/log/build_2025-03-30_14-46-56/events.log
[1.615s] -- Up-to-date: /media/handsfree/新加卷/__Project/_weight/ROS2/x1_urdf/install/x1_urdf/share/x1_urdf/urdf/log/build_2025-03-30_14-46-56/logger_all.log
[1.615s] -- Up-to-date: /media/handsfree/新加卷/__Project/_weight/ROS2/x1_urdf/install/x1_urdf/share/x1_urdf/urdf/log/COLCON_IGNORE
[1.616s] -- Up-to-date: /media/handsfree/新加卷/__Project/_weight/ROS2/x1_urdf/install/x1_urdf/share/x1_urdf/urdf/log/latest
[1.616s] -- Up-to-date: /media/handsfree/新加卷/__Project/_weight/ROS2/x1_urdf/install/x1_urdf/share/x1_urdf/urdf/log/latest_build
[1.616s] -- Up-to-date: /media/handsfree/新加卷/__Project/_weight/ROS2/x1_urdf/install/x1_urdf/share/x1_urdf/urdf/x1_25dof.urdf
[1.616s] -- Up-to-date: /media/handsfree/新加卷/__Project/_weight/ROS2/x1_urdf/install/x1_urdf/share/x1_urdf/rviz
[1.617s] -- Up-to-date: /media/handsfree/新加卷/__Project/_weight/ROS2/x1_urdf/install/x1_urdf/share/x1_urdf/meshes
[1.617s] -- Up-to-date: /media/handsfree/新加卷/__Project/_weight/ROS2/x1_urdf/install/x1_urdf/share/x1_urdf/meshes/arm_r_wrist_a_ball.STL
[1.617s] -- Up-to-date: /media/handsfree/新加卷/__Project/_weight/ROS2/x1_urdf/install/x1_urdf/share/x1_urdf/meshes/arm_r_wrist_a_ball_simple.STL
[1.618s] -- Up-to-date: /media/handsfree/新加卷/__Project/_weight/ROS2/x1_urdf/install/x1_urdf/share/x1_urdf/meshes/arm_r_wrist_a_loop.STL
[1.618s] -- Up-to-date: /media/handsfree/新加卷/__Project/_weight/ROS2/x1_urdf/install/x1_urdf/share/x1_urdf/meshes/arm_r_wrist_b_ball.STL
[1.618s] -- Up-to-date: /media/handsfree/新加卷/__Project/_weight/ROS2/x1_urdf/install/x1_urdf/share/x1_urdf/meshes/arm_r_wrist_b_loop.STL
[1.619s] -- Up-to-date: /media/handsfree/新加卷/__Project/_weight/ROS2/x1_urdf/install/x1_urdf/share/x1_urdf/meshes/arm_r_wrist_motor_a_link.STL
[1.619s] -- Up-to-date: /media/handsfree/新加卷/__Project/_weight/ROS2/x1_urdf/install/x1_urdf/share/x1_urdf/meshes/arm_r_wrist_motor_b_link.STL
[1.619s] -- Up-to-date: /media/handsfree/新加卷/__Project/_weight/ROS2/x1_urdf/install/x1_urdf/share/x1_urdf/meshes/base_link_simple.STL
[1.619s] -- Up-to-date: /media/handsfree/新加卷/__Project/_weight/ROS2/x1_urdf/install/x1_urdf/share/x1_urdf/meshes/left_ankle_pitch.STL
[1.620s] -- Up-to-date: /media/handsfree/新加卷/__Project/_weight/ROS2/x1_urdf/install/x1_urdf/share/x1_urdf/meshes/left_ankle_roll.STL
[1.620s] -- Up-to-date: /media/handsfree/新加卷/__Project/_weight/ROS2/x1_urdf/install/x1_urdf/share/x1_urdf/meshes/left_elbow_pitch.STL
[1.621s] -- Up-to-date: /media/handsfree/新加卷/__Project/_weight/ROS2/x1_urdf/install/x1_urdf/share/x1_urdf/meshes/left_elbow_yaw.STL
[1.621s] -- Up-to-date: /media/handsfree/新加卷/__Project/_weight/ROS2/x1_urdf/install/x1_urdf/share/x1_urdf/meshes/left_hip_pitch.STL
[1.621s] -- Up-to-date: /media/handsfree/新加卷/__Project/_weight/ROS2/x1_urdf/install/x1_urdf/share/x1_urdf/meshes/left_hip_roll.STL
[1.621s] -- Up-to-date: /media/handsfree/新加卷/__Project/_weight/ROS2/x1_urdf/install/x1_urdf/share/x1_urdf/meshes/left_hip_yaw.STL
[1.622s] -- Up-to-date: /media/handsfree/新加卷/__Project/_weight/ROS2/x1_urdf/install/x1_urdf/share/x1_urdf/meshes/left_shoulder_pitch.STL
[1.622s] -- Up-to-date: /media/handsfree/新加卷/__Project/_weight/ROS2/x1_urdf/install/x1_urdf/share/x1_urdf/meshes/left_shoulder_roll.STL
[1.622s] -- Up-to-date: /media/handsfree/新加卷/__Project/_weight/ROS2/x1_urdf/install/x1_urdf/share/x1_urdf/meshes/left_shoulder_yaw.STL
[1.622s] -- Up-to-date: /media/handsfree/新加卷/__Project/_weight/ROS2/x1_urdf/install/x1_urdf/share/x1_urdf/meshes/left_wrist_pitch.STL
[1.623s] -- Up-to-date: /media/handsfree/新加卷/__Project/_weight/ROS2/x1_urdf/install/x1_urdf/share/x1_urdf/meshes/left_wrist_roll.STL
[1.623s] -- Up-to-date: /media/handsfree/新加卷/__Project/_weight/ROS2/x1_urdf/install/x1_urdf/share/x1_urdf/meshes/leg_l_toe_a_ball.STL
[1.623s] -- Up-to-date: /media/handsfree/新加卷/__Project/_weight/ROS2/x1_urdf/install/x1_urdf/share/x1_urdf/meshes/leg_l_toe_a_link.STL
[1.624s] -- Up-to-date: /media/handsfree/新加卷/__Project/_weight/ROS2/x1_urdf/install/x1_urdf/share/x1_urdf/meshes/leg_l_toe_a_loop.STL
[1.624s] -- Up-to-date: /media/handsfree/新加卷/__Project/_weight/ROS2/x1_urdf/install/x1_urdf/share/x1_urdf/meshes/leg_l_toe_b_ball.STL
[1.624s] -- Up-to-date: /media/handsfree/新加卷/__Project/_weight/ROS2/x1_urdf/install/x1_urdf/share/x1_urdf/meshes/leg_l_toe_b_link.STL
[1.624s] -- Up-to-date: /media/handsfree/新加卷/__Project/_weight/ROS2/x1_urdf/install/x1_urdf/share/x1_urdf/meshes/leg_l_toe_b_loop.STL
[1.625s] -- Up-to-date: /media/handsfree/新加卷/__Project/_weight/ROS2/x1_urdf/install/x1_urdf/share/x1_urdf/meshes/leg_r_toe_a_ball.STL
[1.625s] -- Up-to-date: /media/handsfree/新加卷/__Project/_weight/ROS2/x1_urdf/install/x1_urdf/share/x1_urdf/meshes/leg_r_toe_a_link.STL
[1.625s] -- Up-to-date: /media/handsfree/新加卷/__Project/_weight/ROS2/x1_urdf/install/x1_urdf/share/x1_urdf/meshes/leg_r_toe_a_loop.STL
[1.626s] -- Up-to-date: /media/handsfree/新加卷/__Project/_weight/ROS2/x1_urdf/install/x1_urdf/share/x1_urdf/meshes/leg_r_toe_b_ball.STL
[1.626s] -- Up-to-date: /media/handsfree/新加卷/__Project/_weight/ROS2/x1_urdf/install/x1_urdf/share/x1_urdf/meshes/leg_r_toe_b_loop.STL
[1.626s] -- Up-to-date: /media/handsfree/新加卷/__Project/_weight/ROS2/x1_urdf/install/x1_urdf/share/x1_urdf/meshes/lumber_pitch.STL
[1.626s] -- Up-to-date: /media/handsfree/新加卷/__Project/_weight/ROS2/x1_urdf/install/x1_urdf/share/x1_urdf/meshes/lumber_roll.STL
[1.627s] -- Up-to-date: /media/handsfree/新加卷/__Project/_weight/ROS2/x1_urdf/install/x1_urdf/share/x1_urdf/meshes/lumber_yaw.STL
[1.627s] -- Up-to-date: /media/handsfree/新加卷/__Project/_weight/ROS2/x1_urdf/install/x1_urdf/share/x1_urdf/meshes/right_ankle_pitch.STL
[1.627s] -- Up-to-date: /media/handsfree/新加卷/__Project/_weight/ROS2/x1_urdf/install/x1_urdf/share/x1_urdf/meshes/right_ankle_roll.STL
[1.628s] -- Up-to-date: /media/handsfree/新加卷/__Project/_weight/ROS2/x1_urdf/install/x1_urdf/share/x1_urdf/meshes/right_elbow_pitch.STL
[1.628s] -- Up-to-date: /media/handsfree/新加卷/__Project/_weight/ROS2/x1_urdf/install/x1_urdf/share/x1_urdf/meshes/right_elbow_yaw.STL
[1.628s] -- Up-to-date: /media/handsfree/新加卷/__Project/_weight/ROS2/x1_urdf/install/x1_urdf/share/x1_urdf/meshes/right_hand_down_1_link.STL
[1.629s] -- Up-to-date: /media/handsfree/新加卷/__Project/_weight/ROS2/x1_urdf/install/x1_urdf/share/x1_urdf/meshes/right_hand_down_2_link.STL
[1.629s] -- Up-to-date: /media/handsfree/新加卷/__Project/_weight/ROS2/x1_urdf/install/x1_urdf/share/x1_urdf/meshes/right_hand_down_3_link.STL
[1.629s] -- Up-to-date: /media/handsfree/新加卷/__Project/_weight/ROS2/x1_urdf/install/x1_urdf/share/x1_urdf/meshes/right_hand_down_loop1_link.STL
[1.629s] -- Up-to-date: /media/handsfree/新加卷/__Project/_weight/ROS2/x1_urdf/install/x1_urdf/share/x1_urdf/meshes/right_hand_down_loop2_link.STL
[1.630s] -- Up-to-date: /media/handsfree/新加卷/__Project/_weight/ROS2/x1_urdf/install/x1_urdf/share/x1_urdf/meshes/right_hand_up_1_link.STL
[1.630s] -- Up-to-date: /media/handsfree/新加卷/__Project/_weight/ROS2/x1_urdf/install/x1_urdf/share/x1_urdf/meshes/right_hand_up_2_link.STL
[1.630s] -- Up-to-date: /media/handsfree/新加卷/__Project/_weight/ROS2/x1_urdf/install/x1_urdf/share/x1_urdf/meshes/right_hand_up_loop1_link.STL
[1.631s] -- Up-to-date: /media/handsfree/新加卷/__Project/_weight/ROS2/x1_urdf/install/x1_urdf/share/x1_urdf/meshes/right_hand_up_loop2_link.STL
[1.631s] -- Up-to-date: /media/handsfree/新加卷/__Project/_weight/ROS2/x1_urdf/install/x1_urdf/share/x1_urdf/meshes/right_hip_pitch.STL
[1.631s] -- Up-to-date: /media/handsfree/新加卷/__Project/_weight/ROS2/x1_urdf/install/x1_urdf/share/x1_urdf/meshes/right_hip_roll.STL
[1.632s] -- Up-to-date: /media/handsfree/新加卷/__Project/_weight/ROS2/x1_urdf/install/x1_urdf/share/x1_urdf/meshes/right_hip_yaw.STL
[1.632s] -- Up-to-date: /media/handsfree/新加卷/__Project/_weight/ROS2/x1_urdf/install/x1_urdf/share/x1_urdf/meshes/right_knee_pitch.STL
[1.632s] -- Up-to-date: /media/handsfree/新加卷/__Project/_weight/ROS2/x1_urdf/install/x1_urdf/share/x1_urdf/meshes/right_shoulder_pitch.STL
[1.633s] -- Up-to-date: /media/handsfree/新加卷/__Project/_weight/ROS2/x1_urdf/install/x1_urdf/share/x1_urdf/meshes/right_shoulder_roll.STL
[1.633s] -- Up-to-date: /media/handsfree/新加卷/__Project/_weight/ROS2/x1_urdf/install/x1_urdf/share/x1_urdf/meshes/right_shoulder_yaw.STL
[1.634s] -- Up-to-date: /media/handsfree/新加卷/__Project/_weight/ROS2/x1_urdf/install/x1_urdf/share/x1_urdf/meshes/right_wrist_pitch.STL
[1.634s] -- Up-to-date: /media/handsfree/新加卷/__Project/_weight/ROS2/x1_urdf/install/x1_urdf/share/x1_urdf/meshes/right_wrist_roll.STL
[1.634s] -- Up-to-date: /media/handsfree/新加卷/__Project/_weight/ROS2/x1_urdf/install/x1_urdf/share/x1_urdf/meshes/waist_motor_a_ball.STL
[1.635s] -- Up-to-date: /media/handsfree/新加卷/__Project/_weight/ROS2/x1_urdf/install/x1_urdf/share/x1_urdf/meshes/waist_motor_a_link.STL
[1.635s] -- Up-to-date: /media/handsfree/新加卷/__Project/_weight/ROS2/x1_urdf/install/x1_urdf/share/x1_urdf/meshes/waist_motor_a_loop.STL
[1.636s] -- Up-to-date: /media/handsfree/新加卷/__Project/_weight/ROS2/x1_urdf/install/x1_urdf/share/x1_urdf/meshes/waist_motor_b_ball.STL
[1.636s] -- Up-to-date: /media/handsfree/新加卷/__Project/_weight/ROS2/x1_urdf/install/x1_urdf/share/x1_urdf/meshes/waist_motor_b_link.STL
[1.637s] -- Up-to-date: /media/handsfree/新加卷/__Project/_weight/ROS2/x1_urdf/install/x1_urdf/share/x1_urdf/meshes/waist_motor_b_loop.STL
[1.637s] -- Up-to-date: /media/handsfree/新加卷/__Project/_weight/ROS2/x1_urdf/install/x1_urdf/share/x1_urdf/meshes/left_knee_pitch.STL
[1.637s] -- Up-to-date: /media/handsfree/新加卷/__Project/_weight/ROS2/x1_urdf/install/x1_urdf/share/x1_urdf/meshes/leg_r_toe_b_link.STL
[1.638s] -- Up-to-date: /media/handsfree/新加卷/__Project/_weight/ROS2/x1_urdf/install/x1_urdf/share/x1_urdf/meshes/right_hand_up_3_link.STL
[1.638s] -- Installing: /media/handsfree/新加卷/__Project/_weight/ROS2/x1_urdf/install/x1_urdf/share/ament_index/resource_index/package_run_dependencies/x1_urdf
[1.640s] -- Installing: /media/handsfree/新加卷/__Project/_weight/ROS2/x1_urdf/install/x1_urdf/share/ament_index/resource_index/parent_prefix_path/x1_urdf
[1.641s] -- Up-to-date: /media/handsfree/新加卷/__Project/_weight/ROS2/x1_urdf/install/x1_urdf/share/x1_urdf/environment/ament_prefix_path.sh
[1.642s] -- Installing: /media/handsfree/新加卷/__Project/_weight/ROS2/x1_urdf/install/x1_urdf/share/x1_urdf/environment/ament_prefix_path.dsv
[1.643s] -- Up-to-date: /media/handsfree/新加卷/__Project/_weight/ROS2/x1_urdf/install/x1_urdf/share/x1_urdf/environment/path.sh
[1.643s] -- Installing: /media/handsfree/新加卷/__Project/_weight/ROS2/x1_urdf/install/x1_urdf/share/x1_urdf/environment/path.dsv
[1.645s] -- Installing: /media/handsfree/新加卷/__Project/_weight/ROS2/x1_urdf/install/x1_urdf/share/x1_urdf/local_setup.bash
[1.646s] -- Installing: /media/handsfree/新加卷/__Project/_weight/ROS2/x1_urdf/install/x1_urdf/share/x1_urdf/local_setup.sh
[1.648s] -- Installing: /media/handsfree/新加卷/__Project/_weight/ROS2/x1_urdf/install/x1_urdf/share/x1_urdf/local_setup.zsh
[1.649s] -- Installing: /media/handsfree/新加卷/__Project/_weight/ROS2/x1_urdf/install/x1_urdf/share/x1_urdf/local_setup.dsv
[1.650s] -- Installing: /media/handsfree/新加卷/__Project/_weight/ROS2/x1_urdf/install/x1_urdf/share/x1_urdf/package.dsv
[1.651s] -- Installing: /media/handsfree/新加卷/__Project/_weight/ROS2/x1_urdf/install/x1_urdf/share/ament_index/resource_index/packages/x1_urdf
[1.652s] -- Installing: /media/handsfree/新加卷/__Project/_weight/ROS2/x1_urdf/install/x1_urdf/share/x1_urdf/cmake/x1_urdfConfig.cmake
[1.654s] -- Installing: /media/handsfree/新加卷/__Project/_weight/ROS2/x1_urdf/install/x1_urdf/share/x1_urdf/cmake/x1_urdfConfig-version.cmake
[1.655s] -- Up-to-date: /media/handsfree/新加卷/__Project/_weight/ROS2/x1_urdf/install/x1_urdf/share/x1_urdf/package.xml
[1.656s] Invoked command in '/media/handsfree/新加卷/__Project/_weight/ROS2/x1_urdf/build/x1_urdf' returned '0': CMAKE_PREFIX_PATH=${CMAKE_PREFIX_PATH}:/opt/ros/foxy CONDA_PROMPT_MODIFIER=(base) /usr/local/bin/cmake --install /media/handsfree/新加卷/__Project/_weight/ROS2/x1_urdf/build/x1_urdf
