[0.007s] Invoking command in '/media/handsfree/新加卷/__Project/_weight/ROS2/x1_urdf/build/x1_urdf': CONDA_PROMPT_MODIFIER=(base) /usr/local/bin/cmake /media/handsfree/新加卷/__Project/_weight/ROS2/x1_urdf -DCMAKE_INSTALL_PREFIX=/media/handsfree/新加卷/__Project/_weight/ROS2/x1_urdf/install/x1_urdf
[0.123s] -- The C compiler identification is GNU 9.4.0
[0.262s] -- The CXX compiler identification is GNU 9.4.0
[0.273s] -- Detecting C compiler ABI info
[0.435s] -- Detecting C compiler ABI info - done
[0.453s] -- Check for working C compiler: /usr/bin/cc - skipped
[0.453s] -- Detecting C compile features
[0.453s] -- Detecting C compile features - done
[0.457s] -- Detecting CXX compiler ABI info
[0.609s] -- Detecting CXX compiler ABI info - done
[0.629s] -- Check for working CXX compiler: /usr/bin/c++ - skipped
[0.630s] -- Detecting CXX compile features
[0.630s] -- Detecting CXX compile features - done
[0.675s] [31mCMake Error at CMakeLists.txt:19 (find_package):
[0.675s]   By not providing "Findament_cmake.cmake" in CMAKE_MODULE_PATH this project
[0.675s]   has asked CMake to find a package configuration file provided by
[0.675s]   "ament_cmake", but CMake did not find one.
[0.675s] 
[0.675s]   Could not find a package configuration file provided by "ament_cmake" with
[0.676s]   any of the following names:
[0.676s] 
[0.676s]     ament_cmakeConfig.cmake
[0.676s]     ament_cmake-config.cmake
[0.676s] 
[0.676s]   Add the installation prefix of "ament_cmake" to CMAKE_PREFIX_PATH or set
[0.676s]   "ament_cmake_DIR" to a directory containing one of the above files.  If
[0.677s]   "ament_cmake" provides a separate development package or SDK, be sure it
[0.677s]   has been installed.
[0.677s] 
[0.677s] [0m
[0.677s] -- Configuring incomplete, errors occurred!
[0.681s] Invoked command in '/media/handsfree/新加卷/__Project/_weight/ROS2/x1_urdf/build/x1_urdf' returned '1': CONDA_PROMPT_MODIFIER=(base) /usr/local/bin/cmake /media/handsfree/新加卷/__Project/_weight/ROS2/x1_urdf -DCMAKE_INSTALL_PREFIX=/media/handsfree/新加卷/__Project/_weight/ROS2/x1_urdf/install/x1_urdf
