[0.101s] DEBUG:colcon:Command line arguments: ['/usr/bin/colcon', 'build', '--packages-select', 'x1_urdf']
[0.101s] DEBUG:colcon:Parsed command line arguments: Namespace(allow_overriding=[], ament_cmake_args=None, base_paths=['.'], build_base='build', catkin_cmake_args=None, catkin_skip_building_tests=False, cmake_args=None, cmake_clean_cache=False, cmake_clean_first=False, cmake_force_configure=False, cmake_target=None, cmake_target_skip_unavailable=False, continue_on_error=False, event_handlers=None, executor='parallel', ignore_user_meta=False, install_base='install', log_base=None, log_level=None, main=<bound method BuildVerb.main of <colcon_core.verb.build.BuildVerb object at 0x7fd9afaa2b20>>, merge_install=False, metas=['./colcon.meta'], mixin=None, mixin_files=None, mixin_verb=('build',), packages_above=None, packages_above_and_dependencies=None, packages_above_depth=None, packages_end=None, packages_ignore=None, packages_ignore_regex=None, packages_select=['x1_urdf'], packages_select_build_failed=False, packages_select_by_dep=None, packages_select_regex=None, packages_select_test_failures=False, packages_skip=None, packages_skip_build_finished=False, packages_skip_by_dep=None, packages_skip_regex=None, packages_skip_test_passed=False, packages_skip_up_to=None, packages_start=None, packages_up_to=None, packages_up_to_regex=None, parallel_workers=20, paths=None, symlink_install=False, test_result_base=None, verb_extension=<colcon_core.verb.build.BuildVerb object at 0x7fd9afaa2b20>, verb_name='build', verb_parser=<colcon_mixin.mixin.mixin_argument.MixinArgumentDecorator object at 0x7fd9af9e29a0>)
[0.172s] Level 1:colcon.colcon_core.package_discovery:discover_packages(colcon_meta) check parameters
[0.173s] Level 1:colcon.colcon_core.package_discovery:discover_packages(recursive) check parameters
[0.173s] Level 1:colcon.colcon_core.package_discovery:discover_packages(ignore) check parameters
[0.173s] Level 1:colcon.colcon_core.package_discovery:discover_packages(path) check parameters
[0.173s] Level 1:colcon.colcon_core.package_discovery:discover_packages(colcon_meta) discover
[0.173s] Level 1:colcon.colcon_core.package_discovery:discover_packages(recursive) discover
[0.173s] INFO:colcon.colcon_core.package_discovery:Crawling recursively for packages in '/media/handsfree/新加卷/__Project/_weight/ROS2/x1_urdf'
[0.173s] Level 1:colcon.colcon_core.package_identification:_identify(.) by extensions ['ignore', 'ignore_ament_install']
[0.173s] Level 1:colcon.colcon_core.package_identification:_identify(.) by extension 'ignore'
[0.173s] Level 1:colcon.colcon_core.package_identification:_identify(.) by extension 'ignore_ament_install'
[0.173s] Level 1:colcon.colcon_core.package_identification:_identify(.) by extensions ['colcon_pkg']
[0.173s] Level 1:colcon.colcon_core.package_identification:_identify(.) by extension 'colcon_pkg'
[0.173s] Level 1:colcon.colcon_core.package_identification:_identify(.) by extensions ['colcon_meta']
[0.173s] Level 1:colcon.colcon_core.package_identification:_identify(.) by extension 'colcon_meta'
[0.173s] Level 1:colcon.colcon_core.package_identification:_identify(.) by extensions ['ros']
[0.173s] Level 1:colcon.colcon_core.package_identification:_identify(.) by extension 'ros'
[0.180s] DEBUG:colcon.colcon_core.package_identification:Package '.' with type 'ros.ament_cmake' and name 'x1_urdf'
[0.180s] Level 1:colcon.colcon_core.package_discovery:discover_packages(recursive) using defaults
[0.180s] Level 1:colcon.colcon_core.package_discovery:discover_packages(ignore) discover
[0.180s] Level 1:colcon.colcon_core.package_discovery:discover_packages(ignore) using defaults
[0.180s] Level 1:colcon.colcon_core.package_discovery:discover_packages(path) discover
[0.180s] Level 1:colcon.colcon_core.package_discovery:discover_packages(path) using defaults
[0.188s] Level 1:colcon.colcon_core.package_discovery:discover_packages(prefix_path) check parameters
[0.188s] Level 1:colcon.colcon_core.package_discovery:discover_packages(prefix_path) discover
[0.197s] DEBUG:colcon.colcon_installed_package_information.package_discovery:Found 320 installed packages in /opt/ros/foxy
[0.205s] Level 1:colcon.colcon_core.package_discovery:discover_packages(prefix_path) using defaults
[0.240s] Level 5:colcon.colcon_core.verb:set package 'x1_urdf' build argument 'cmake_args' from command line to 'None'
[0.240s] Level 5:colcon.colcon_core.verb:set package 'x1_urdf' build argument 'cmake_target' from command line to 'None'
[0.240s] Level 5:colcon.colcon_core.verb:set package 'x1_urdf' build argument 'cmake_target_skip_unavailable' from command line to 'False'
[0.240s] Level 5:colcon.colcon_core.verb:set package 'x1_urdf' build argument 'cmake_clean_cache' from command line to 'False'
[0.240s] Level 5:colcon.colcon_core.verb:set package 'x1_urdf' build argument 'cmake_clean_first' from command line to 'False'
[0.240s] Level 5:colcon.colcon_core.verb:set package 'x1_urdf' build argument 'cmake_force_configure' from command line to 'False'
[0.240s] Level 5:colcon.colcon_core.verb:set package 'x1_urdf' build argument 'ament_cmake_args' from command line to 'None'
[0.240s] Level 5:colcon.colcon_core.verb:set package 'x1_urdf' build argument 'catkin_cmake_args' from command line to 'None'
[0.240s] Level 5:colcon.colcon_core.verb:set package 'x1_urdf' build argument 'catkin_skip_building_tests' from command line to 'False'
[0.240s] DEBUG:colcon.colcon_core.verb:Building package 'x1_urdf' with the following arguments: {'ament_cmake_args': None, 'build_base': '/media/handsfree/新加卷/__Project/_weight/ROS2/x1_urdf/build/x1_urdf', 'catkin_cmake_args': None, 'catkin_skip_building_tests': False, 'cmake_args': None, 'cmake_clean_cache': False, 'cmake_clean_first': False, 'cmake_force_configure': False, 'cmake_target': None, 'cmake_target_skip_unavailable': False, 'install_base': '/media/handsfree/新加卷/__Project/_weight/ROS2/x1_urdf/install/x1_urdf', 'merge_install': False, 'path': '/media/handsfree/新加卷/__Project/_weight/ROS2/x1_urdf', 'symlink_install': False, 'test_result_base': None}
[0.241s] INFO:colcon.colcon_core.executor:Executing jobs using 'parallel' executor
[0.241s] DEBUG:colcon.colcon_parallel_executor.executor.parallel:run_until_complete
[0.241s] INFO:colcon.colcon_ros.task.ament_cmake.build:Building ROS package in '/media/handsfree/新加卷/__Project/_weight/ROS2/x1_urdf' with build type 'ament_cmake'
[0.241s] INFO:colcon.colcon_cmake.task.cmake.build:Building CMake package in '/media/handsfree/新加卷/__Project/_weight/ROS2/x1_urdf'
[0.242s] INFO:colcon.colcon_core.plugin_system:Skipping extension 'colcon_core.shell.bat': Not used on non-Windows systems
[0.242s] INFO:colcon.colcon_core.shell:Skip shell extension 'powershell' for command environment: Not usable outside of PowerShell
[0.242s] DEBUG:colcon.colcon_core.shell:Skip shell extension 'dsv' for command environment
[0.250s] DEBUG:colcon.colcon_core.event_handler.log_command:Invoking command in '/media/handsfree/新加卷/__Project/_weight/ROS2/x1_urdf/build/x1_urdf': CMAKE_PREFIX_PATH=/opt/ros/foxy CONDA_PROMPT_MODIFIER=(base) /usr/local/bin/cmake /media/handsfree/新加卷/__Project/_weight/ROS2/x1_urdf -DCMAKE_INSTALL_PREFIX=/media/handsfree/新加卷/__Project/_weight/ROS2/x1_urdf/install/x1_urdf
[1.555s] DEBUG:colcon.colcon_core.event_handler.log_command:Invoked command in '/media/handsfree/新加卷/__Project/_weight/ROS2/x1_urdf/build/x1_urdf' returned '0': CMAKE_PREFIX_PATH=/opt/ros/foxy CONDA_PROMPT_MODIFIER=(base) /usr/local/bin/cmake /media/handsfree/新加卷/__Project/_weight/ROS2/x1_urdf -DCMAKE_INSTALL_PREFIX=/media/handsfree/新加卷/__Project/_weight/ROS2/x1_urdf/install/x1_urdf
[1.558s] DEBUG:colcon.colcon_core.event_handler.log_command:Invoking command in '/media/handsfree/新加卷/__Project/_weight/ROS2/x1_urdf/build/x1_urdf': CMAKE_PREFIX_PATH=/opt/ros/foxy CONDA_PROMPT_MODIFIER=(base) /usr/local/bin/cmake --build /media/handsfree/新加卷/__Project/_weight/ROS2/x1_urdf/build/x1_urdf -- -j20 -l20
[1.569s] DEBUG:colcon.colcon_core.event_handler.log_command:Invoked command in '/media/handsfree/新加卷/__Project/_weight/ROS2/x1_urdf/build/x1_urdf' returned '0': CMAKE_PREFIX_PATH=/opt/ros/foxy CONDA_PROMPT_MODIFIER=(base) /usr/local/bin/cmake --build /media/handsfree/新加卷/__Project/_weight/ROS2/x1_urdf/build/x1_urdf -- -j20 -l20
[1.581s] DEBUG:colcon.colcon_core.event_handler.log_command:Invoking command in '/media/handsfree/新加卷/__Project/_weight/ROS2/x1_urdf/build/x1_urdf': CMAKE_PREFIX_PATH=/opt/ros/foxy CONDA_PROMPT_MODIFIER=(base) /usr/local/bin/cmake --install /media/handsfree/新加卷/__Project/_weight/ROS2/x1_urdf/build/x1_urdf
[1.945s] Level 1:colcon.colcon_core.environment:create_environment_scripts_only(x1_urdf)
[1.946s] DEBUG:colcon.colcon_core.event_handler.log_command:Invoked command in '/media/handsfree/新加卷/__Project/_weight/ROS2/x1_urdf/build/x1_urdf' returned '0': CMAKE_PREFIX_PATH=/opt/ros/foxy CONDA_PROMPT_MODIFIER=(base) /usr/local/bin/cmake --install /media/handsfree/新加卷/__Project/_weight/ROS2/x1_urdf/build/x1_urdf
[1.947s] Level 1:colcon.colcon_core.environment:checking '/media/handsfree/新加卷/__Project/_weight/ROS2/x1_urdf/install/x1_urdf' for CMake module files
[1.949s] Level 1:colcon.colcon_core.environment:checking '/media/handsfree/新加卷/__Project/_weight/ROS2/x1_urdf/install/x1_urdf' for CMake config files
[1.950s] Level 1:colcon.colcon_core.shell:create_environment_hook('x1_urdf', 'cmake_prefix_path')
[1.950s] INFO:colcon.colcon_core.shell:Creating environment hook '/media/handsfree/新加卷/__Project/_weight/ROS2/x1_urdf/install/x1_urdf/share/x1_urdf/hook/cmake_prefix_path.ps1'
[1.958s] INFO:colcon.colcon_core.shell:Creating environment descriptor '/media/handsfree/新加卷/__Project/_weight/ROS2/x1_urdf/install/x1_urdf/share/x1_urdf/hook/cmake_prefix_path.dsv'
[1.959s] INFO:colcon.colcon_core.shell:Creating environment hook '/media/handsfree/新加卷/__Project/_weight/ROS2/x1_urdf/install/x1_urdf/share/x1_urdf/hook/cmake_prefix_path.sh'
[1.960s] Level 1:colcon.colcon_core.environment:checking '/media/handsfree/新加卷/__Project/_weight/ROS2/x1_urdf/install/x1_urdf/bin'
[1.960s] Level 1:colcon.colcon_core.environment:checking '/media/handsfree/新加卷/__Project/_weight/ROS2/x1_urdf/install/x1_urdf/lib/pkgconfig/x1_urdf.pc'
[1.961s] Level 1:colcon.colcon_core.environment:checking '/media/handsfree/新加卷/__Project/_weight/ROS2/x1_urdf/install/x1_urdf/lib/python3.8/site-packages'
[1.961s] Level 1:colcon.colcon_core.environment:checking '/media/handsfree/新加卷/__Project/_weight/ROS2/x1_urdf/install/x1_urdf/bin'
[1.961s] INFO:colcon.colcon_core.shell:Creating package script '/media/handsfree/新加卷/__Project/_weight/ROS2/x1_urdf/install/x1_urdf/share/x1_urdf/package.ps1'
[1.962s] INFO:colcon.colcon_core.shell:Creating package descriptor '/media/handsfree/新加卷/__Project/_weight/ROS2/x1_urdf/install/x1_urdf/share/x1_urdf/package.dsv'
[1.962s] INFO:colcon.colcon_core.shell:Creating package script '/media/handsfree/新加卷/__Project/_weight/ROS2/x1_urdf/install/x1_urdf/share/x1_urdf/package.sh'
[1.962s] INFO:colcon.colcon_core.shell:Creating package script '/media/handsfree/新加卷/__Project/_weight/ROS2/x1_urdf/install/x1_urdf/share/x1_urdf/package.bash'
[1.963s] INFO:colcon.colcon_core.shell:Creating package script '/media/handsfree/新加卷/__Project/_weight/ROS2/x1_urdf/install/x1_urdf/share/x1_urdf/package.zsh'
[1.963s] Level 1:colcon.colcon_core.environment:create_file_with_runtime_dependencies(/media/handsfree/新加卷/__Project/_weight/ROS2/x1_urdf/install/x1_urdf/share/colcon-core/packages/x1_urdf)
[1.973s] Level 1:colcon.colcon_core.environment:create_environment_scripts_only(x1_urdf)
[1.973s] Level 1:colcon.colcon_core.environment:checking '/media/handsfree/新加卷/__Project/_weight/ROS2/x1_urdf/install/x1_urdf' for CMake module files
[1.975s] Level 1:colcon.colcon_core.environment:checking '/media/handsfree/新加卷/__Project/_weight/ROS2/x1_urdf/install/x1_urdf' for CMake config files
[1.976s] Level 1:colcon.colcon_core.shell:create_environment_hook('x1_urdf', 'cmake_prefix_path')
[1.976s] INFO:colcon.colcon_core.shell:Creating environment hook '/media/handsfree/新加卷/__Project/_weight/ROS2/x1_urdf/install/x1_urdf/share/x1_urdf/hook/cmake_prefix_path.ps1'
[1.976s] INFO:colcon.colcon_core.shell:Creating environment descriptor '/media/handsfree/新加卷/__Project/_weight/ROS2/x1_urdf/install/x1_urdf/share/x1_urdf/hook/cmake_prefix_path.dsv'
[1.977s] INFO:colcon.colcon_core.shell:Creating environment hook '/media/handsfree/新加卷/__Project/_weight/ROS2/x1_urdf/install/x1_urdf/share/x1_urdf/hook/cmake_prefix_path.sh'
[1.977s] Level 1:colcon.colcon_core.environment:checking '/media/handsfree/新加卷/__Project/_weight/ROS2/x1_urdf/install/x1_urdf/bin'
[1.977s] Level 1:colcon.colcon_core.environment:checking '/media/handsfree/新加卷/__Project/_weight/ROS2/x1_urdf/install/x1_urdf/lib/pkgconfig/x1_urdf.pc'
[1.978s] Level 1:colcon.colcon_core.environment:checking '/media/handsfree/新加卷/__Project/_weight/ROS2/x1_urdf/install/x1_urdf/lib/python3.8/site-packages'
[1.978s] Level 1:colcon.colcon_core.environment:checking '/media/handsfree/新加卷/__Project/_weight/ROS2/x1_urdf/install/x1_urdf/bin'
[1.978s] INFO:colcon.colcon_core.shell:Creating package script '/media/handsfree/新加卷/__Project/_weight/ROS2/x1_urdf/install/x1_urdf/share/x1_urdf/package.ps1'
[1.978s] INFO:colcon.colcon_core.shell:Creating package descriptor '/media/handsfree/新加卷/__Project/_weight/ROS2/x1_urdf/install/x1_urdf/share/x1_urdf/package.dsv'
[1.979s] INFO:colcon.colcon_core.shell:Creating package script '/media/handsfree/新加卷/__Project/_weight/ROS2/x1_urdf/install/x1_urdf/share/x1_urdf/package.sh'
[1.979s] INFO:colcon.colcon_core.shell:Creating package script '/media/handsfree/新加卷/__Project/_weight/ROS2/x1_urdf/install/x1_urdf/share/x1_urdf/package.bash'
[1.979s] INFO:colcon.colcon_core.shell:Creating package script '/media/handsfree/新加卷/__Project/_weight/ROS2/x1_urdf/install/x1_urdf/share/x1_urdf/package.zsh'
[1.980s] Level 1:colcon.colcon_core.environment:create_file_with_runtime_dependencies(/media/handsfree/新加卷/__Project/_weight/ROS2/x1_urdf/install/x1_urdf/share/colcon-core/packages/x1_urdf)
[1.980s] DEBUG:colcon.colcon_parallel_executor.executor.parallel:closing loop
[1.980s] DEBUG:colcon.colcon_parallel_executor.executor.parallel:loop closed
[1.980s] DEBUG:colcon.colcon_parallel_executor.executor.parallel:run_until_complete finished with '0'
[1.980s] DEBUG:colcon.colcon_core.event_reactor:joining thread
[1.984s] INFO:colcon.colcon_core.plugin_system:Skipping extension 'colcon_notification.desktop_notification.terminal_notifier': Not used on non-Darwin systems
[1.984s] INFO:colcon.colcon_core.plugin_system:Skipping extension 'colcon_notification.desktop_notification.win32': Not used on non-Windows systems
[1.984s] INFO:colcon.colcon_notification.desktop_notification:Sending desktop notification using 'notify2'
[1.996s] DEBUG:colcon.colcon_core.event_reactor:joined thread
[1.996s] INFO:colcon.colcon_core.shell:Creating prefix script '/media/handsfree/新加卷/__Project/_weight/ROS2/x1_urdf/install/local_setup.ps1'
[1.997s] INFO:colcon.colcon_core.shell:Creating prefix util module '/media/handsfree/新加卷/__Project/_weight/ROS2/x1_urdf/install/_local_setup_util_ps1.py'
[1.998s] INFO:colcon.colcon_core.shell:Creating prefix chain script '/media/handsfree/新加卷/__Project/_weight/ROS2/x1_urdf/install/setup.ps1'
[1.999s] INFO:colcon.colcon_core.shell:Creating prefix script '/media/handsfree/新加卷/__Project/_weight/ROS2/x1_urdf/install/local_setup.sh'
[1.999s] INFO:colcon.colcon_core.shell:Creating prefix util module '/media/handsfree/新加卷/__Project/_weight/ROS2/x1_urdf/install/_local_setup_util_sh.py'
[2.000s] INFO:colcon.colcon_core.shell:Creating prefix chain script '/media/handsfree/新加卷/__Project/_weight/ROS2/x1_urdf/install/setup.sh'
[2.001s] INFO:colcon.colcon_core.shell:Creating prefix script '/media/handsfree/新加卷/__Project/_weight/ROS2/x1_urdf/install/local_setup.bash'
[2.001s] INFO:colcon.colcon_core.shell:Creating prefix chain script '/media/handsfree/新加卷/__Project/_weight/ROS2/x1_urdf/install/setup.bash'
[2.002s] INFO:colcon.colcon_core.shell:Creating prefix script '/media/handsfree/新加卷/__Project/_weight/ROS2/x1_urdf/install/local_setup.zsh'
[2.002s] INFO:colcon.colcon_core.shell:Creating prefix chain script '/media/handsfree/新加卷/__Project/_weight/ROS2/x1_urdf/install/setup.zsh'
