[0.006s] Invoking command in '/home/lx/projects/x1_urdf/build/x1_urdf': CMAKE_PREFIX_PATH=/opt/ros/humble /opt/cmake/cmake-3.31.6-linux-x86_64/bin/cmake /home/lx/projects/x1_urdf -DCMAKE_INSTALL_PREFIX=/home/lx/projects/x1_urdf/install/x1_urdf
[0.012s] [0mCMake Deprecation Warning at CMakeLists.txt:1 (cmake_minimum_required):
[0.012s]   Compatibility with CMake < 3.10 will be removed from a future version of
[0.012s]   CMake.
[0.012s] 
[0.012s]   Update the VERSION argument <min> value.  Or, use the <min>...<max> syntax
[0.012s]   to tell CMake that the project requires at least <min> but has been updated
[0.012s]   to work with policies introduced by <max> or earlier.
[0.012s] 
[0.012s] [0m
[0.083s] -- The C compiler identification is GNU 11.4.0
[0.153s] -- The CXX compiler identification is GNU 11.4.0
[0.161s] -- Detecting C compiler ABI info
[0.211s] -- Detecting C compiler ABI info - done
[0.227s] -- Check for working C compiler: /usr/bin/cc - skipped
[0.228s] -- Detecting C compile features
[0.228s] -- Detecting C compile features - done
[0.237s] -- Detecting CXX compiler ABI info
[0.296s] -- Detecting CXX compiler ABI info - done
[0.309s] -- Check for working CXX compiler: /usr/bin/c++ - skipped
[0.309s] -- Detecting CXX compile features
[0.310s] -- Detecting CXX compile features - done
[0.317s] -- Found ament_cmake: 1.3.11 (/opt/ros/humble/share/ament_cmake/cmake)
[0.413s] -- Found Python3: /usr/bin/python3 (found version "3.10.12") found components: Interpreter
[0.522s] -- Configuring done (0.5s)
[0.524s] -- Generating done (0.0s)
[0.525s] -- Build files have been written to: /home/lx/projects/x1_urdf/build/x1_urdf
[0.529s] Invoked command in '/home/lx/projects/x1_urdf/build/x1_urdf' returned '0': CMAKE_PREFIX_PATH=/opt/ros/humble /opt/cmake/cmake-3.31.6-linux-x86_64/bin/cmake /home/lx/projects/x1_urdf -DCMAKE_INSTALL_PREFIX=/home/lx/projects/x1_urdf/install/x1_urdf
[0.531s] Invoking command in '/home/lx/projects/x1_urdf/build/x1_urdf': CMAKE_PREFIX_PATH=/opt/ros/humble /opt/cmake/cmake-3.31.6-linux-x86_64/bin/cmake --build /home/lx/projects/x1_urdf/build/x1_urdf -- -j16 -l16
[0.544s] Invoked command in '/home/lx/projects/x1_urdf/build/x1_urdf' returned '0': CMAKE_PREFIX_PATH=/opt/ros/humble /opt/cmake/cmake-3.31.6-linux-x86_64/bin/cmake --build /home/lx/projects/x1_urdf/build/x1_urdf -- -j16 -l16
[0.548s] Invoking command in '/home/lx/projects/x1_urdf/build/x1_urdf': CMAKE_PREFIX_PATH=/opt/ros/humble /opt/cmake/cmake-3.31.6-linux-x86_64/bin/cmake --install /home/lx/projects/x1_urdf/build/x1_urdf
[0.550s] -- Install configuration: ""
[0.550s] -- Up-to-date: /home/lx/projects/x1_urdf/install/x1_urdf/share/x1_urdf/launch
[0.550s] -- Up-to-date: /home/lx/projects/x1_urdf/install/x1_urdf/share/x1_urdf/launch/display.launch.py
[0.550s] -- Up-to-date: /home/lx/projects/x1_urdf/install/x1_urdf/share/x1_urdf/launch/display.launch_old.py
[0.550s] -- Up-to-date: /home/lx/projects/x1_urdf/install/x1_urdf/share/x1_urdf/launch/display.launch0331.py
[0.550s] -- Up-to-date: /home/lx/projects/x1_urdf/install/x1_urdf/share/x1_urdf/urdf
[0.550s] -- Up-to-date: /home/lx/projects/x1_urdf/install/x1_urdf/share/x1_urdf/urdf/log
[0.550s] -- Up-to-date: /home/lx/projects/x1_urdf/install/x1_urdf/share/x1_urdf/urdf/log/COLCON_IGNORE
[0.551s] -- Up-to-date: /home/lx/projects/x1_urdf/install/x1_urdf/share/x1_urdf/urdf/log/latest_build
[0.551s] -- Up-to-date: /home/lx/projects/x1_urdf/install/x1_urdf/share/x1_urdf/urdf/log/latest
[0.551s] -- Up-to-date: /home/lx/projects/x1_urdf/install/x1_urdf/share/x1_urdf/urdf/log/build_2025-03-30_14-46-56
[0.551s] -- Up-to-date: /home/lx/projects/x1_urdf/install/x1_urdf/share/x1_urdf/urdf/log/build_2025-03-30_14-46-56/events.log
[0.551s] -- Up-to-date: /home/lx/projects/x1_urdf/install/x1_urdf/share/x1_urdf/urdf/log/build_2025-03-30_14-46-56/logger_all.log
[0.551s] -- Up-to-date: /home/lx/projects/x1_urdf/install/x1_urdf/share/x1_urdf/urdf/x1_25dof.urdf
[0.551s] -- Up-to-date: /home/lx/projects/x1_urdf/install/x1_urdf/share/x1_urdf/urdf/install
[0.551s] -- Up-to-date: /home/lx/projects/x1_urdf/install/x1_urdf/share/x1_urdf/urdf/install/_local_setup_util_ps1.py
[0.551s] -- Up-to-date: /home/lx/projects/x1_urdf/install/x1_urdf/share/x1_urdf/urdf/install/setup.ps1
[0.551s] -- Up-to-date: /home/lx/projects/x1_urdf/install/x1_urdf/share/x1_urdf/urdf/install/COLCON_IGNORE
[0.551s] -- Up-to-date: /home/lx/projects/x1_urdf/install/x1_urdf/share/x1_urdf/urdf/install/local_setup.zsh
[0.551s] -- Up-to-date: /home/lx/projects/x1_urdf/install/x1_urdf/share/x1_urdf/urdf/install/setup.bash
[0.551s] -- Up-to-date: /home/lx/projects/x1_urdf/install/x1_urdf/share/x1_urdf/urdf/install/_local_setup_util_sh.py
[0.551s] -- Up-to-date: /home/lx/projects/x1_urdf/install/x1_urdf/share/x1_urdf/urdf/install/setup.sh
[0.551s] -- Up-to-date: /home/lx/projects/x1_urdf/install/x1_urdf/share/x1_urdf/urdf/install/local_setup.sh
[0.551s] -- Up-to-date: /home/lx/projects/x1_urdf/install/x1_urdf/share/x1_urdf/urdf/install/setup.zsh
[0.551s] -- Up-to-date: /home/lx/projects/x1_urdf/install/x1_urdf/share/x1_urdf/urdf/install/local_setup.bash
[0.551s] -- Up-to-date: /home/lx/projects/x1_urdf/install/x1_urdf/share/x1_urdf/urdf/install/local_setup.ps1
[0.551s] -- Up-to-date: /home/lx/projects/x1_urdf/install/x1_urdf/share/x1_urdf/urdf/install/.colcon_install_layout
[0.552s] -- Up-to-date: /home/lx/projects/x1_urdf/install/x1_urdf/share/x1_urdf/urdf/build
[0.552s] -- Up-to-date: /home/lx/projects/x1_urdf/install/x1_urdf/share/x1_urdf/urdf/build/COLCON_IGNORE
[0.552s] -- Up-to-date: /home/lx/projects/x1_urdf/install/x1_urdf/share/x1_urdf/urdf/build/.built_by
[0.552s] -- Up-to-date: /home/lx/projects/x1_urdf/install/x1_urdf/share/x1_urdf/rviz
[0.552s] -- Up-to-date: /home/lx/projects/x1_urdf/install/x1_urdf/share/x1_urdf/rviz/view_robot.rviz
[0.552s] -- Up-to-date: /home/lx/projects/x1_urdf/install/x1_urdf/share/x1_urdf/rviz/display.rviz
[0.552s] -- Up-to-date: /home/lx/projects/x1_urdf/install/x1_urdf/share/x1_urdf/meshes
[0.552s] -- Up-to-date: /home/lx/projects/x1_urdf/install/x1_urdf/share/x1_urdf/meshes/leg_l_toe_a_ball.STL
[0.552s] -- Up-to-date: /home/lx/projects/x1_urdf/install/x1_urdf/share/x1_urdf/meshes/right_wrist_roll.STL
[0.552s] -- Up-to-date: /home/lx/projects/x1_urdf/install/x1_urdf/share/x1_urdf/meshes/left_shoulder_pitch.STL
[0.552s] -- Up-to-date: /home/lx/projects/x1_urdf/install/x1_urdf/share/x1_urdf/meshes/left_ankle_roll.STL
[0.552s] -- Up-to-date: /home/lx/projects/x1_urdf/install/x1_urdf/share/x1_urdf/meshes/leg_l_toe_a_loop.STL
[0.552s] -- Up-to-date: /home/lx/projects/x1_urdf/install/x1_urdf/share/x1_urdf/meshes/right_hand_down_2_link.STL
[0.552s] -- Up-to-date: /home/lx/projects/x1_urdf/install/x1_urdf/share/x1_urdf/meshes/arm_r_wrist_motor_b_link.STL
[0.552s] -- Up-to-date: /home/lx/projects/x1_urdf/install/x1_urdf/share/x1_urdf/meshes/arm_r_wrist_b_ball.STL
[0.552s] -- Up-to-date: /home/lx/projects/x1_urdf/install/x1_urdf/share/x1_urdf/meshes/leg_r_toe_b_ball.STL
[0.552s] -- Up-to-date: /home/lx/projects/x1_urdf/install/x1_urdf/share/x1_urdf/meshes/left_ankle_pitch.STL
[0.552s] -- Up-to-date: /home/lx/projects/x1_urdf/install/x1_urdf/share/x1_urdf/meshes/left_elbow_yaw.STL
[0.552s] -- Up-to-date: /home/lx/projects/x1_urdf/install/x1_urdf/share/x1_urdf/meshes/right_shoulder_roll.STL
[0.552s] -- Up-to-date: /home/lx/projects/x1_urdf/install/x1_urdf/share/x1_urdf/meshes/right_hand_up_loop2_link.STL
[0.552s] -- Up-to-date: /home/lx/projects/x1_urdf/install/x1_urdf/share/x1_urdf/meshes/leg_r_toe_a_ball.STL
[0.552s] -- Up-to-date: /home/lx/projects/x1_urdf/install/x1_urdf/share/x1_urdf/meshes/left_elbow_pitch.STL
[0.552s] -- Up-to-date: /home/lx/projects/x1_urdf/install/x1_urdf/share/x1_urdf/meshes/right_hand_up_1_link.STL
[0.552s] -- Up-to-date: /home/lx/projects/x1_urdf/install/x1_urdf/share/x1_urdf/meshes/waist_motor_a_loop.STL
[0.552s] -- Up-to-date: /home/lx/projects/x1_urdf/install/x1_urdf/share/x1_urdf/meshes/arm_r_wrist_a_loop.STL
[0.552s] -- Up-to-date: /home/lx/projects/x1_urdf/install/x1_urdf/share/x1_urdf/meshes/leg_l_toe_b_link.STL
[0.552s] -- Up-to-date: /home/lx/projects/x1_urdf/install/x1_urdf/share/x1_urdf/meshes/waist_motor_a_link.STL
[0.552s] -- Up-to-date: /home/lx/projects/x1_urdf/install/x1_urdf/share/x1_urdf/meshes/right_hip_yaw.STL
[0.552s] -- Up-to-date: /home/lx/projects/x1_urdf/install/x1_urdf/share/x1_urdf/meshes/leg_r_toe_a_loop.STL
[0.552s] -- Up-to-date: /home/lx/projects/x1_urdf/install/x1_urdf/share/x1_urdf/meshes/right_elbow_yaw.STL
[0.552s] -- Up-to-date: /home/lx/projects/x1_urdf/install/x1_urdf/share/x1_urdf/meshes/base_link_simple.STL
[0.552s] -- Up-to-date: /home/lx/projects/x1_urdf/install/x1_urdf/share/x1_urdf/meshes/right_hand_up_3_link.STL
[0.552s] -- Up-to-date: /home/lx/projects/x1_urdf/install/x1_urdf/share/x1_urdf/meshes/left_wrist_roll.STL
[0.552s] -- Up-to-date: /home/lx/projects/x1_urdf/install/x1_urdf/share/x1_urdf/meshes/leg_l_toe_a_link.STL
[0.552s] -- Up-to-date: /home/lx/projects/x1_urdf/install/x1_urdf/share/x1_urdf/meshes/leg_l_toe_b_loop.STL
[0.552s] -- Up-to-date: /home/lx/projects/x1_urdf/install/x1_urdf/share/x1_urdf/meshes/arm_r_wrist_b_loop.STL
[0.553s] -- Up-to-date: /home/lx/projects/x1_urdf/install/x1_urdf/share/x1_urdf/meshes/left_shoulder_yaw.STL
[0.553s] -- Up-to-date: /home/lx/projects/x1_urdf/install/x1_urdf/share/x1_urdf/meshes/leg_r_toe_a_link.STL
[0.553s] -- Up-to-date: /home/lx/projects/x1_urdf/install/x1_urdf/share/x1_urdf/meshes/right_hip_roll.STL
[0.553s] -- Up-to-date: /home/lx/projects/x1_urdf/install/x1_urdf/share/x1_urdf/meshes/left_shoulder_roll.STL
[0.553s] -- Up-to-date: /home/lx/projects/x1_urdf/install/x1_urdf/share/x1_urdf/meshes/right_elbow_pitch.STL
[0.553s] -- Up-to-date: /home/lx/projects/x1_urdf/install/x1_urdf/share/x1_urdf/meshes/right_ankle_roll.STL
[0.553s] -- Up-to-date: /home/lx/projects/x1_urdf/install/x1_urdf/share/x1_urdf/meshes/right_hand_up_2_link.STL
[0.553s] -- Up-to-date: /home/lx/projects/x1_urdf/install/x1_urdf/share/x1_urdf/meshes/left_knee_pitch.STL
[0.553s] -- Up-to-date: /home/lx/projects/x1_urdf/install/x1_urdf/share/x1_urdf/meshes/left_hip_yaw.STL
[0.553s] -- Up-to-date: /home/lx/projects/x1_urdf/install/x1_urdf/share/x1_urdf/meshes/lumber_pitch.STL
[0.553s] -- Up-to-date: /home/lx/projects/x1_urdf/install/x1_urdf/share/x1_urdf/meshes/right_hand_down_1_link.STL
[0.553s] -- Up-to-date: /home/lx/projects/x1_urdf/install/x1_urdf/share/x1_urdf/meshes/lumber_roll.STL
[0.553s] -- Up-to-date: /home/lx/projects/x1_urdf/install/x1_urdf/share/x1_urdf/meshes/leg_r_toe_b_link.STL
[0.553s] -- Up-to-date: /home/lx/projects/x1_urdf/install/x1_urdf/share/x1_urdf/meshes/leg_r_toe_b_loop.STL
[0.553s] -- Up-to-date: /home/lx/projects/x1_urdf/install/x1_urdf/share/x1_urdf/meshes/arm_r_wrist_motor_a_link.STL
[0.553s] -- Up-to-date: /home/lx/projects/x1_urdf/install/x1_urdf/share/x1_urdf/meshes/lumber_yaw.STL
[0.554s] -- Up-to-date: /home/lx/projects/x1_urdf/install/x1_urdf/share/x1_urdf/meshes/right_hand_down_3_link.STL
[0.554s] -- Up-to-date: /home/lx/projects/x1_urdf/install/x1_urdf/share/x1_urdf/meshes/right_hand_up_loop1_link.STL
[0.554s] -- Up-to-date: /home/lx/projects/x1_urdf/install/x1_urdf/share/x1_urdf/meshes/left_hip_roll.STL
[0.554s] -- Up-to-date: /home/lx/projects/x1_urdf/install/x1_urdf/share/x1_urdf/meshes/arm_r_wrist_a_ball_simple.STL
[0.554s] -- Up-to-date: /home/lx/projects/x1_urdf/install/x1_urdf/share/x1_urdf/meshes/right_knee_pitch.STL
[0.554s] -- Up-to-date: /home/lx/projects/x1_urdf/install/x1_urdf/share/x1_urdf/meshes/right_shoulder_yaw.STL
[0.554s] -- Up-to-date: /home/lx/projects/x1_urdf/install/x1_urdf/share/x1_urdf/meshes/right_ankle_pitch.STL
[0.554s] -- Up-to-date: /home/lx/projects/x1_urdf/install/x1_urdf/share/x1_urdf/meshes/right_shoulder_pitch.STL
[0.554s] -- Up-to-date: /home/lx/projects/x1_urdf/install/x1_urdf/share/x1_urdf/meshes/right_hand_down_loop1_link.STL
[0.554s] -- Up-to-date: /home/lx/projects/x1_urdf/install/x1_urdf/share/x1_urdf/meshes/waist_motor_b_ball.STL
[0.554s] -- Up-to-date: /home/lx/projects/x1_urdf/install/x1_urdf/share/x1_urdf/meshes/right_hand_down_loop2_link.STL
[0.554s] -- Up-to-date: /home/lx/projects/x1_urdf/install/x1_urdf/share/x1_urdf/meshes/waist_motor_b_loop.STL
[0.554s] -- Up-to-date: /home/lx/projects/x1_urdf/install/x1_urdf/share/x1_urdf/meshes/right_hip_pitch.STL
[0.554s] -- Up-to-date: /home/lx/projects/x1_urdf/install/x1_urdf/share/x1_urdf/meshes/leg_l_toe_b_ball.STL
[0.554s] -- Up-to-date: /home/lx/projects/x1_urdf/install/x1_urdf/share/x1_urdf/meshes/left_hip_pitch.STL
[0.554s] -- Up-to-date: /home/lx/projects/x1_urdf/install/x1_urdf/share/x1_urdf/meshes/right_wrist_pitch.STL
[0.554s] -- Up-to-date: /home/lx/projects/x1_urdf/install/x1_urdf/share/x1_urdf/meshes/left_wrist_pitch.STL
[0.554s] -- Up-to-date: /home/lx/projects/x1_urdf/install/x1_urdf/share/x1_urdf/meshes/waist_motor_b_link.STL
[0.554s] -- Up-to-date: /home/lx/projects/x1_urdf/install/x1_urdf/share/x1_urdf/meshes/arm_r_wrist_a_ball.STL
[0.554s] -- Up-to-date: /home/lx/projects/x1_urdf/install/x1_urdf/share/x1_urdf/meshes/waist_motor_a_ball.STL
[0.554s] -- Installing: /home/lx/projects/x1_urdf/install/x1_urdf/share/ament_index/resource_index/package_run_dependencies/x1_urdf
[0.554s] -- Installing: /home/lx/projects/x1_urdf/install/x1_urdf/share/ament_index/resource_index/parent_prefix_path/x1_urdf
[0.554s] -- Installing: /home/lx/projects/x1_urdf/install/x1_urdf/share/x1_urdf/environment/ament_prefix_path.sh
[0.554s] -- Installing: /home/lx/projects/x1_urdf/install/x1_urdf/share/x1_urdf/environment/ament_prefix_path.dsv
[0.554s] -- Installing: /home/lx/projects/x1_urdf/install/x1_urdf/share/x1_urdf/environment/path.sh
[0.554s] -- Installing: /home/lx/projects/x1_urdf/install/x1_urdf/share/x1_urdf/environment/path.dsv
[0.554s] -- Installing: /home/lx/projects/x1_urdf/install/x1_urdf/share/x1_urdf/local_setup.bash
[0.554s] -- Installing: /home/lx/projects/x1_urdf/install/x1_urdf/share/x1_urdf/local_setup.sh
[0.555s] -- Installing: /home/lx/projects/x1_urdf/install/x1_urdf/share/x1_urdf/local_setup.zsh
[0.555s] -- Installing: /home/lx/projects/x1_urdf/install/x1_urdf/share/x1_urdf/local_setup.dsv
[0.555s] -- Installing: /home/lx/projects/x1_urdf/install/x1_urdf/share/x1_urdf/package.dsv
[0.555s] -- Installing: /home/lx/projects/x1_urdf/install/x1_urdf/share/ament_index/resource_index/packages/x1_urdf
[0.555s] -- Installing: /home/lx/projects/x1_urdf/install/x1_urdf/share/x1_urdf/cmake/x1_urdfConfig.cmake
[0.555s] -- Installing: /home/lx/projects/x1_urdf/install/x1_urdf/share/x1_urdf/cmake/x1_urdfConfig-version.cmake
[0.555s] -- Up-to-date: /home/lx/projects/x1_urdf/install/x1_urdf/share/x1_urdf/package.xml
[0.555s] Invoked command in '/home/lx/projects/x1_urdf/build/x1_urdf' returned '0': CMAKE_PREFIX_PATH=/opt/ros/humble /opt/cmake/cmake-3.31.6-linux-x86_64/bin/cmake --install /home/lx/projects/x1_urdf/build/x1_urdf
