[0.007s] Invoking command in '/media/handsfree/新加卷/__Project/_weight/ROS2/x1_urdf/build/x1_urdf': CONDA_PROMPT_MODIFIER=(base) /usr/local/bin/cmake /media/handsfree/新加卷/__Project/_weight/ROS2/x1_urdf -DCMAKE_INSTALL_PREFIX=/media/handsfree/新加卷/__Project/_weight/ROS2/x1_urdf/install/x1_urdf
[0.022s] [31mCMake Error at CMakeLists.txt:19 (find_package):
[0.022s]   By not providing "Findament_cmake.cmake" in CMAKE_MODULE_PATH this project
[0.022s]   has asked CMake to find a package configuration file provided by
[0.022s]   "ament_cmake", but CMake did not find one.
[0.022s] 
[0.022s]   Could not find a package configuration file provided by "ament_cmake" with
[0.022s]   any of the following names:
[0.022s] 
[0.022s]     ament_cmakeConfig.cmake
[0.023s]     ament_cmake-config.cmake
[0.023s] 
[0.023s]   Add the installation prefix of "ament_cmake" to CMAKE_PREFIX_PATH or set
[0.023s]   "ament_cmake_DIR" to a directory containing one of the above files.  If
[0.023s]   "ament_cmake" provides a separate development package or SDK, be sure it
[0.023s]   has been installed.
[0.023s] 
[0.023s] [0m
[0.023s] -- Configuring incomplete, errors occurred!
[0.023s] Invoked command in '/media/handsfree/新加卷/__Project/_weight/ROS2/x1_urdf/build/x1_urdf' returned '1': CONDA_PROMPT_MODIFIER=(base) /usr/local/bin/cmake /media/handsfree/新加卷/__Project/_weight/ROS2/x1_urdf -DCMAKE_INSTALL_PREFIX=/media/handsfree/新加卷/__Project/_weight/ROS2/x1_urdf/install/x1_urdf
