[0.008s] Invoking command in '/media/handsfree/新加卷/__Project/_weight/ROS2/x1_urdf/build/x1_urdf': CMAKE_PREFIX_PATH=/opt/ros/foxy CONDA_PROMPT_MODIFIER=(base) /usr/local/bin/cmake /media/handsfree/新加卷/__Project/_weight/ROS2/x1_urdf -DCMAKE_INSTALL_PREFIX=/media/handsfree/新加卷/__Project/_weight/ROS2/x1_urdf/install/x1_urdf
[0.074s] -- The C compiler identification is GNU 9.4.0
[0.184s] -- The CXX compiler identification is GNU 9.4.0
[0.211s] -- Detecting C compiler ABI info
[0.400s] -- Detecting C compiler ABI info - done
[0.412s] -- Check for working C compiler: /usr/bin/cc - skipped
[0.412s] -- Detecting C compile features
[0.412s] -- Detecting C compile features - done
[0.417s] -- Detecting CXX compiler ABI info
[0.565s] -- Detecting CXX compiler ABI info - done
[0.579s] -- Check for working CXX compiler: /usr/bin/c++ - skipped
[0.579s] -- Detecting CXX compile features
[0.579s] -- Detecting CXX compile features - done
[0.584s] -- Found ament_cmake: 0.9.12 (/opt/ros/foxy/share/ament_cmake/cmake)
[0.590s] [33mCMake Warning (dev) at /opt/ros/foxy/share/ament_cmake_core/cmake/core/python.cmake:22 (find_package):
[0.590s]   Policy CMP0148 is not set: The FindPythonInterp and FindPythonLibs modules
[0.590s]   are removed.  Run "cmake --help-policy CMP0148" for policy details.  Use
[0.590s]   the cmake_policy command to set the policy and suppress this warning.
[0.590s] 
[0.590s] Call Stack (most recent call first):
[0.590s]   /opt/ros/foxy/share/ament_cmake_core/cmake/core/all.cmake:53 (include)
[0.590s]   /opt/ros/foxy/share/ament_cmake_core/cmake/ament_cmake_core-extras.cmake:17 (include)
[0.591s]   /opt/ros/foxy/share/ament_cmake_core/cmake/ament_cmake_coreConfig.cmake:41 (include)
[0.591s]   /opt/ros/foxy/share/ament_cmake/cmake/ament_cmake_export_dependencies-extras.cmake:15 (find_package)
[0.591s]   /opt/ros/foxy/share/ament_cmake/cmake/ament_cmakeConfig.cmake:41 (include)
[0.591s]   CMakeLists.txt:19 (find_package)
[0.591s] This warning is for project developers.  Use -Wno-dev to suppress it.
[0.591s] [0m
[0.603s] -- Found PythonInterp: /opt/ros/foxy/bin/python3 (found suitable version "3.8.10", minimum required is "3")
[0.603s] -- Using PYTHON_EXECUTABLE: /opt/ros/foxy/bin/python3
[0.730s] -- Found ament_lint_auto: 0.9.8 (/opt/ros/foxy/share/ament_lint_auto/cmake)
[0.794s] -- Added test 'copyright' to check source files copyright and LICENSE
[0.937s] -- Added test 'cppcheck' to perform static code analysis on C / C++ code
[0.937s] -- Configured cppcheck include dirs: 
[0.937s] -- Configured cppcheck exclude dirs and/or files: 
[1.068s] -- Added test 'cpplint' to check C / C++ code against the Google style
[1.069s] -- Configured cpplint exclude dirs and/or files: 
[1.087s] -- Added test 'flake8' to check Python code syntax and style conventions
[1.120s] -- Added test 'lint_cmake' to check CMake code style
[1.137s] -- Added test 'pep257' to check Python code against some of the style conventions in PEP 257
[1.272s] -- Added test 'uncrustify' to check C / C++ code style
[1.272s] -- Configured uncrustify additional arguments: 
[1.291s] -- Added test 'xmllint' to check XML markup files
[1.295s] -- Configuring done (1.3s)
[1.308s] -- Generating done (0.0s)
[1.311s] -- Build files have been written to: /media/handsfree/新加卷/__Project/_weight/ROS2/x1_urdf/build/x1_urdf
[1.314s] Invoked command in '/media/handsfree/新加卷/__Project/_weight/ROS2/x1_urdf/build/x1_urdf' returned '0': CMAKE_PREFIX_PATH=/opt/ros/foxy CONDA_PROMPT_MODIFIER=(base) /usr/local/bin/cmake /media/handsfree/新加卷/__Project/_weight/ROS2/x1_urdf -DCMAKE_INSTALL_PREFIX=/media/handsfree/新加卷/__Project/_weight/ROS2/x1_urdf/install/x1_urdf
[1.316s] Invoking command in '/media/handsfree/新加卷/__Project/_weight/ROS2/x1_urdf/build/x1_urdf': CMAKE_PREFIX_PATH=/opt/ros/foxy CONDA_PROMPT_MODIFIER=(base) /usr/local/bin/cmake --build /media/handsfree/新加卷/__Project/_weight/ROS2/x1_urdf/build/x1_urdf -- -j20 -l20
[1.328s] Invoked command in '/media/handsfree/新加卷/__Project/_weight/ROS2/x1_urdf/build/x1_urdf' returned '0': CMAKE_PREFIX_PATH=/opt/ros/foxy CONDA_PROMPT_MODIFIER=(base) /usr/local/bin/cmake --build /media/handsfree/新加卷/__Project/_weight/ROS2/x1_urdf/build/x1_urdf -- -j20 -l20
[1.339s] Invoking command in '/media/handsfree/新加卷/__Project/_weight/ROS2/x1_urdf/build/x1_urdf': CMAKE_PREFIX_PATH=/opt/ros/foxy CONDA_PROMPT_MODIFIER=(base) /usr/local/bin/cmake --install /media/handsfree/新加卷/__Project/_weight/ROS2/x1_urdf/build/x1_urdf
[1.341s] -- Install configuration: ""
[1.341s] -- Installing: /media/handsfree/新加卷/__Project/_weight/ROS2/x1_urdf/install/x1_urdf/share/x1_urdf/launch
[1.342s] -- Installing: /media/handsfree/新加卷/__Project/_weight/ROS2/x1_urdf/install/x1_urdf/share/x1_urdf/launch/display.launch.py
[1.343s] -- Installing: /media/handsfree/新加卷/__Project/_weight/ROS2/x1_urdf/install/x1_urdf/share/x1_urdf/urdf
[1.344s] -- Installing: /media/handsfree/新加卷/__Project/_weight/ROS2/x1_urdf/install/x1_urdf/share/x1_urdf/urdf/build
[1.344s] -- Installing: /media/handsfree/新加卷/__Project/_weight/ROS2/x1_urdf/install/x1_urdf/share/x1_urdf/urdf/build/.built_by
[1.345s] -- Installing: /media/handsfree/新加卷/__Project/_weight/ROS2/x1_urdf/install/x1_urdf/share/x1_urdf/urdf/build/COLCON_IGNORE
[1.347s] -- Installing: /media/handsfree/新加卷/__Project/_weight/ROS2/x1_urdf/install/x1_urdf/share/x1_urdf/urdf/install
[1.347s] -- Installing: /media/handsfree/新加卷/__Project/_weight/ROS2/x1_urdf/install/x1_urdf/share/x1_urdf/urdf/install/.colcon_install_layout
[1.348s] -- Installing: /media/handsfree/新加卷/__Project/_weight/ROS2/x1_urdf/install/x1_urdf/share/x1_urdf/urdf/install/COLCON_IGNORE
[1.349s] -- Installing: /media/handsfree/新加卷/__Project/_weight/ROS2/x1_urdf/install/x1_urdf/share/x1_urdf/urdf/install/local_setup.bash
[1.351s] -- Installing: /media/handsfree/新加卷/__Project/_weight/ROS2/x1_urdf/install/x1_urdf/share/x1_urdf/urdf/install/local_setup.ps1
[1.352s] -- Installing: /media/handsfree/新加卷/__Project/_weight/ROS2/x1_urdf/install/x1_urdf/share/x1_urdf/urdf/install/local_setup.sh
[1.353s] -- Installing: /media/handsfree/新加卷/__Project/_weight/ROS2/x1_urdf/install/x1_urdf/share/x1_urdf/urdf/install/local_setup.zsh
[1.354s] -- Installing: /media/handsfree/新加卷/__Project/_weight/ROS2/x1_urdf/install/x1_urdf/share/x1_urdf/urdf/install/setup.bash
[1.355s] -- Installing: /media/handsfree/新加卷/__Project/_weight/ROS2/x1_urdf/install/x1_urdf/share/x1_urdf/urdf/install/setup.ps1
[1.356s] -- Installing: /media/handsfree/新加卷/__Project/_weight/ROS2/x1_urdf/install/x1_urdf/share/x1_urdf/urdf/install/setup.sh
[1.358s] -- Installing: /media/handsfree/新加卷/__Project/_weight/ROS2/x1_urdf/install/x1_urdf/share/x1_urdf/urdf/install/setup.zsh
[1.359s] -- Installing: /media/handsfree/新加卷/__Project/_weight/ROS2/x1_urdf/install/x1_urdf/share/x1_urdf/urdf/install/_local_setup_util_ps1.py
[1.360s] -- Installing: /media/handsfree/新加卷/__Project/_weight/ROS2/x1_urdf/install/x1_urdf/share/x1_urdf/urdf/install/_local_setup_util_sh.py
[1.362s] -- Installing: /media/handsfree/新加卷/__Project/_weight/ROS2/x1_urdf/install/x1_urdf/share/x1_urdf/urdf/log
[1.362s] -- Installing: /media/handsfree/新加卷/__Project/_weight/ROS2/x1_urdf/install/x1_urdf/share/x1_urdf/urdf/log/build_2025-03-30_14-46-56
[1.363s] -- Installing: /media/handsfree/新加卷/__Project/_weight/ROS2/x1_urdf/install/x1_urdf/share/x1_urdf/urdf/log/build_2025-03-30_14-46-56/events.log
[1.364s] -- Installing: /media/handsfree/新加卷/__Project/_weight/ROS2/x1_urdf/install/x1_urdf/share/x1_urdf/urdf/log/build_2025-03-30_14-46-56/logger_all.log
[1.366s] -- Installing: /media/handsfree/新加卷/__Project/_weight/ROS2/x1_urdf/install/x1_urdf/share/x1_urdf/urdf/log/COLCON_IGNORE
[1.367s] -- Installing: /media/handsfree/新加卷/__Project/_weight/ROS2/x1_urdf/install/x1_urdf/share/x1_urdf/urdf/log/latest
[1.367s] -- Installing: /media/handsfree/新加卷/__Project/_weight/ROS2/x1_urdf/install/x1_urdf/share/x1_urdf/urdf/log/latest_build
[1.367s] -- Installing: /media/handsfree/新加卷/__Project/_weight/ROS2/x1_urdf/install/x1_urdf/share/x1_urdf/urdf/x1_25dof.urdf
[1.369s] -- Installing: /media/handsfree/新加卷/__Project/_weight/ROS2/x1_urdf/install/x1_urdf/share/x1_urdf/rviz
[1.369s] -- Installing: /media/handsfree/新加卷/__Project/_weight/ROS2/x1_urdf/install/x1_urdf/share/x1_urdf/meshes
[1.370s] -- Installing: /media/handsfree/新加卷/__Project/_weight/ROS2/x1_urdf/install/x1_urdf/share/x1_urdf/meshes/arm_r_wrist_a_ball.STL
[1.399s] -- Installing: /media/handsfree/新加卷/__Project/_weight/ROS2/x1_urdf/install/x1_urdf/share/x1_urdf/meshes/arm_r_wrist_a_ball_simple.STL
[1.404s] -- Installing: /media/handsfree/新加卷/__Project/_weight/ROS2/x1_urdf/install/x1_urdf/share/x1_urdf/meshes/arm_r_wrist_a_loop.STL
[1.406s] -- Installing: /media/handsfree/新加卷/__Project/_weight/ROS2/x1_urdf/install/x1_urdf/share/x1_urdf/meshes/arm_r_wrist_b_ball.STL
[1.435s] -- Installing: /media/handsfree/新加卷/__Project/_weight/ROS2/x1_urdf/install/x1_urdf/share/x1_urdf/meshes/arm_r_wrist_b_loop.STL
[1.437s] -- Installing: /media/handsfree/新加卷/__Project/_weight/ROS2/x1_urdf/install/x1_urdf/share/x1_urdf/meshes/arm_r_wrist_motor_a_link.STL
[1.439s] -- Installing: /media/handsfree/新加卷/__Project/_weight/ROS2/x1_urdf/install/x1_urdf/share/x1_urdf/meshes/arm_r_wrist_motor_b_link.STL
[1.440s] -- Installing: /media/handsfree/新加卷/__Project/_weight/ROS2/x1_urdf/install/x1_urdf/share/x1_urdf/meshes/base_link_simple.STL
[1.446s] -- Installing: /media/handsfree/新加卷/__Project/_weight/ROS2/x1_urdf/install/x1_urdf/share/x1_urdf/meshes/left_ankle_pitch.STL
[1.451s] -- Installing: /media/handsfree/新加卷/__Project/_weight/ROS2/x1_urdf/install/x1_urdf/share/x1_urdf/meshes/left_ankle_roll.STL
[1.460s] -- Installing: /media/handsfree/新加卷/__Project/_weight/ROS2/x1_urdf/install/x1_urdf/share/x1_urdf/meshes/left_elbow_pitch.STL
[1.467s] -- Installing: /media/handsfree/新加卷/__Project/_weight/ROS2/x1_urdf/install/x1_urdf/share/x1_urdf/meshes/left_elbow_yaw.STL
[1.469s] -- Installing: /media/handsfree/新加卷/__Project/_weight/ROS2/x1_urdf/install/x1_urdf/share/x1_urdf/meshes/left_hip_pitch.STL
[1.475s] -- Installing: /media/handsfree/新加卷/__Project/_weight/ROS2/x1_urdf/install/x1_urdf/share/x1_urdf/meshes/left_hip_roll.STL
[1.481s] -- Installing: /media/handsfree/新加卷/__Project/_weight/ROS2/x1_urdf/install/x1_urdf/share/x1_urdf/meshes/left_hip_yaw.STL
[1.486s] -- Installing: /media/handsfree/新加卷/__Project/_weight/ROS2/x1_urdf/install/x1_urdf/share/x1_urdf/meshes/left_shoulder_pitch.STL
[1.492s] -- Installing: /media/handsfree/新加卷/__Project/_weight/ROS2/x1_urdf/install/x1_urdf/share/x1_urdf/meshes/left_shoulder_roll.STL
[1.498s] -- Installing: /media/handsfree/新加卷/__Project/_weight/ROS2/x1_urdf/install/x1_urdf/share/x1_urdf/meshes/left_shoulder_yaw.STL
[1.500s] -- Installing: /media/handsfree/新加卷/__Project/_weight/ROS2/x1_urdf/install/x1_urdf/share/x1_urdf/meshes/left_wrist_pitch.STL
[1.502s] -- Installing: /media/handsfree/新加卷/__Project/_weight/ROS2/x1_urdf/install/x1_urdf/share/x1_urdf/meshes/left_wrist_roll.STL
[1.508s] -- Installing: /media/handsfree/新加卷/__Project/_weight/ROS2/x1_urdf/install/x1_urdf/share/x1_urdf/meshes/leg_l_toe_a_ball.STL
[1.511s] -- Installing: /media/handsfree/新加卷/__Project/_weight/ROS2/x1_urdf/install/x1_urdf/share/x1_urdf/meshes/leg_l_toe_a_link.STL
[1.514s] -- Installing: /media/handsfree/新加卷/__Project/_weight/ROS2/x1_urdf/install/x1_urdf/share/x1_urdf/meshes/leg_l_toe_a_loop.STL
[1.515s] -- Installing: /media/handsfree/新加卷/__Project/_weight/ROS2/x1_urdf/install/x1_urdf/share/x1_urdf/meshes/leg_l_toe_b_ball.STL
[1.518s] -- Installing: /media/handsfree/新加卷/__Project/_weight/ROS2/x1_urdf/install/x1_urdf/share/x1_urdf/meshes/leg_l_toe_b_link.STL
[1.520s] -- Installing: /media/handsfree/新加卷/__Project/_weight/ROS2/x1_urdf/install/x1_urdf/share/x1_urdf/meshes/leg_l_toe_b_loop.STL
[1.522s] -- Installing: /media/handsfree/新加卷/__Project/_weight/ROS2/x1_urdf/install/x1_urdf/share/x1_urdf/meshes/leg_r_toe_a_ball.STL
[1.524s] -- Installing: /media/handsfree/新加卷/__Project/_weight/ROS2/x1_urdf/install/x1_urdf/share/x1_urdf/meshes/leg_r_toe_a_link.STL
[1.527s] -- Installing: /media/handsfree/新加卷/__Project/_weight/ROS2/x1_urdf/install/x1_urdf/share/x1_urdf/meshes/leg_r_toe_a_loop.STL
[1.528s] -- Installing: /media/handsfree/新加卷/__Project/_weight/ROS2/x1_urdf/install/x1_urdf/share/x1_urdf/meshes/leg_r_toe_b_ball.STL
[1.531s] -- Installing: /media/handsfree/新加卷/__Project/_weight/ROS2/x1_urdf/install/x1_urdf/share/x1_urdf/meshes/leg_r_toe_b_loop.STL
[1.533s] -- Installing: /media/handsfree/新加卷/__Project/_weight/ROS2/x1_urdf/install/x1_urdf/share/x1_urdf/meshes/lumber_pitch.STL
[1.539s] -- Installing: /media/handsfree/新加卷/__Project/_weight/ROS2/x1_urdf/install/x1_urdf/share/x1_urdf/meshes/lumber_roll.STL
[1.541s] -- Installing: /media/handsfree/新加卷/__Project/_weight/ROS2/x1_urdf/install/x1_urdf/share/x1_urdf/meshes/lumber_yaw.STL
[1.554s] -- Installing: /media/handsfree/新加卷/__Project/_weight/ROS2/x1_urdf/install/x1_urdf/share/x1_urdf/meshes/right_ankle_pitch.STL
[1.561s] -- Installing: /media/handsfree/新加卷/__Project/_weight/ROS2/x1_urdf/install/x1_urdf/share/x1_urdf/meshes/right_ankle_roll.STL
[1.566s] -- Installing: /media/handsfree/新加卷/__Project/_weight/ROS2/x1_urdf/install/x1_urdf/share/x1_urdf/meshes/right_elbow_pitch.STL
[1.572s] -- Installing: /media/handsfree/新加卷/__Project/_weight/ROS2/x1_urdf/install/x1_urdf/share/x1_urdf/meshes/right_elbow_yaw.STL
[1.575s] -- Installing: /media/handsfree/新加卷/__Project/_weight/ROS2/x1_urdf/install/x1_urdf/share/x1_urdf/meshes/right_hand_down_1_link.STL
[1.579s] -- Installing: /media/handsfree/新加卷/__Project/_weight/ROS2/x1_urdf/install/x1_urdf/share/x1_urdf/meshes/right_hand_down_2_link.STL
[1.582s] -- Installing: /media/handsfree/新加卷/__Project/_weight/ROS2/x1_urdf/install/x1_urdf/share/x1_urdf/meshes/right_hand_down_3_link.STL
[1.586s] -- Installing: /media/handsfree/新加卷/__Project/_weight/ROS2/x1_urdf/install/x1_urdf/share/x1_urdf/meshes/right_hand_down_loop1_link.STL
[1.587s] -- Installing: /media/handsfree/新加卷/__Project/_weight/ROS2/x1_urdf/install/x1_urdf/share/x1_urdf/meshes/right_hand_down_loop2_link.STL
[1.590s] -- Installing: /media/handsfree/新加卷/__Project/_weight/ROS2/x1_urdf/install/x1_urdf/share/x1_urdf/meshes/right_hand_up_1_link.STL
[1.592s] -- Installing: /media/handsfree/新加卷/__Project/_weight/ROS2/x1_urdf/install/x1_urdf/share/x1_urdf/meshes/right_hand_up_2_link.STL
[1.597s] -- Installing: /media/handsfree/新加卷/__Project/_weight/ROS2/x1_urdf/install/x1_urdf/share/x1_urdf/meshes/right_hand_up_loop1_link.STL
[1.598s] -- Installing: /media/handsfree/新加卷/__Project/_weight/ROS2/x1_urdf/install/x1_urdf/share/x1_urdf/meshes/right_hand_up_loop2_link.STL
[1.601s] -- Installing: /media/handsfree/新加卷/__Project/_weight/ROS2/x1_urdf/install/x1_urdf/share/x1_urdf/meshes/right_hip_pitch.STL
[1.609s] -- Installing: /media/handsfree/新加卷/__Project/_weight/ROS2/x1_urdf/install/x1_urdf/share/x1_urdf/meshes/right_hip_roll.STL
[1.617s] -- Installing: /media/handsfree/新加卷/__Project/_weight/ROS2/x1_urdf/install/x1_urdf/share/x1_urdf/meshes/right_hip_yaw.STL
[1.622s] -- Installing: /media/handsfree/新加卷/__Project/_weight/ROS2/x1_urdf/install/x1_urdf/share/x1_urdf/meshes/right_knee_pitch.STL
[1.626s] -- Installing: /media/handsfree/新加卷/__Project/_weight/ROS2/x1_urdf/install/x1_urdf/share/x1_urdf/meshes/right_shoulder_pitch.STL
[1.632s] -- Installing: /media/handsfree/新加卷/__Project/_weight/ROS2/x1_urdf/install/x1_urdf/share/x1_urdf/meshes/right_shoulder_roll.STL
[1.637s] -- Installing: /media/handsfree/新加卷/__Project/_weight/ROS2/x1_urdf/install/x1_urdf/share/x1_urdf/meshes/right_shoulder_yaw.STL
[1.643s] -- Installing: /media/handsfree/新加卷/__Project/_weight/ROS2/x1_urdf/install/x1_urdf/share/x1_urdf/meshes/right_wrist_pitch.STL
[1.646s] -- Installing: /media/handsfree/新加卷/__Project/_weight/ROS2/x1_urdf/install/x1_urdf/share/x1_urdf/meshes/right_wrist_roll.STL
[1.653s] -- Installing: /media/handsfree/新加卷/__Project/_weight/ROS2/x1_urdf/install/x1_urdf/share/x1_urdf/meshes/waist_motor_a_ball.STL
[1.656s] -- Installing: /media/handsfree/新加卷/__Project/_weight/ROS2/x1_urdf/install/x1_urdf/share/x1_urdf/meshes/waist_motor_a_link.STL
[1.659s] -- Installing: /media/handsfree/新加卷/__Project/_weight/ROS2/x1_urdf/install/x1_urdf/share/x1_urdf/meshes/waist_motor_a_loop.STL
[1.661s] -- Installing: /media/handsfree/新加卷/__Project/_weight/ROS2/x1_urdf/install/x1_urdf/share/x1_urdf/meshes/waist_motor_b_ball.STL
[1.663s] -- Installing: /media/handsfree/新加卷/__Project/_weight/ROS2/x1_urdf/install/x1_urdf/share/x1_urdf/meshes/waist_motor_b_link.STL
[1.666s] -- Installing: /media/handsfree/新加卷/__Project/_weight/ROS2/x1_urdf/install/x1_urdf/share/x1_urdf/meshes/waist_motor_b_loop.STL
[1.668s] -- Installing: /media/handsfree/新加卷/__Project/_weight/ROS2/x1_urdf/install/x1_urdf/share/x1_urdf/meshes/left_knee_pitch.STL
[1.672s] -- Installing: /media/handsfree/新加卷/__Project/_weight/ROS2/x1_urdf/install/x1_urdf/share/x1_urdf/meshes/leg_r_toe_b_link.STL
[1.675s] -- Installing: /media/handsfree/新加卷/__Project/_weight/ROS2/x1_urdf/install/x1_urdf/share/x1_urdf/meshes/right_hand_up_3_link.STL
[1.682s] -- Installing: /media/handsfree/新加卷/__Project/_weight/ROS2/x1_urdf/install/x1_urdf/share/ament_index/resource_index/package_run_dependencies/x1_urdf
[1.685s] -- Installing: /media/handsfree/新加卷/__Project/_weight/ROS2/x1_urdf/install/x1_urdf/share/ament_index/resource_index/parent_prefix_path/x1_urdf
[1.687s] -- Installing: /media/handsfree/新加卷/__Project/_weight/ROS2/x1_urdf/install/x1_urdf/share/x1_urdf/environment/ament_prefix_path.sh
[1.688s] -- Installing: /media/handsfree/新加卷/__Project/_weight/ROS2/x1_urdf/install/x1_urdf/share/x1_urdf/environment/ament_prefix_path.dsv
[1.689s] -- Installing: /media/handsfree/新加卷/__Project/_weight/ROS2/x1_urdf/install/x1_urdf/share/x1_urdf/environment/path.sh
[1.690s] -- Installing: /media/handsfree/新加卷/__Project/_weight/ROS2/x1_urdf/install/x1_urdf/share/x1_urdf/environment/path.dsv
[1.691s] -- Installing: /media/handsfree/新加卷/__Project/_weight/ROS2/x1_urdf/install/x1_urdf/share/x1_urdf/local_setup.bash
[1.692s] -- Installing: /media/handsfree/新加卷/__Project/_weight/ROS2/x1_urdf/install/x1_urdf/share/x1_urdf/local_setup.sh
[1.694s] -- Installing: /media/handsfree/新加卷/__Project/_weight/ROS2/x1_urdf/install/x1_urdf/share/x1_urdf/local_setup.zsh
[1.695s] -- Installing: /media/handsfree/新加卷/__Project/_weight/ROS2/x1_urdf/install/x1_urdf/share/x1_urdf/local_setup.dsv
[1.696s] -- Installing: /media/handsfree/新加卷/__Project/_weight/ROS2/x1_urdf/install/x1_urdf/share/x1_urdf/package.dsv
[1.698s] -- Installing: /media/handsfree/新加卷/__Project/_weight/ROS2/x1_urdf/install/x1_urdf/share/ament_index/resource_index/packages/x1_urdf
[1.699s] -- Installing: /media/handsfree/新加卷/__Project/_weight/ROS2/x1_urdf/install/x1_urdf/share/x1_urdf/cmake/x1_urdfConfig.cmake
[1.701s] -- Installing: /media/handsfree/新加卷/__Project/_weight/ROS2/x1_urdf/install/x1_urdf/share/x1_urdf/cmake/x1_urdfConfig-version.cmake
[1.702s] -- Installing: /media/handsfree/新加卷/__Project/_weight/ROS2/x1_urdf/install/x1_urdf/share/x1_urdf/package.xml
[1.704s] Invoked command in '/media/handsfree/新加卷/__Project/_weight/ROS2/x1_urdf/build/x1_urdf' returned '0': CMAKE_PREFIX_PATH=/opt/ros/foxy CONDA_PROMPT_MODIFIER=(base) /usr/local/bin/cmake --install /media/handsfree/新加卷/__Project/_weight/ROS2/x1_urdf/build/x1_urdf
