[0.062s] DEBUG:colcon:Command line arguments: ['/usr/bin/colcon', 'build', '--packages-select', 'x1_urdf']
[0.062s] DEBUG:colcon:Parsed command line arguments: Namespace(log_base=None, log_level=None, verb_name='build', build_base='build', install_base='install', merge_install=False, symlink_install=False, test_result_base=None, continue_on_error=False, executor='parallel', parallel_workers=16, event_handlers=None, ignore_user_meta=False, metas=['./colcon.meta'], base_paths=['.'], packages_ignore=None, packages_ignore_regex=None, paths=None, packages_up_to=None, packages_up_to_regex=None, packages_above=None, packages_above_and_dependencies=None, packages_above_depth=None, packages_select_by_dep=None, packages_skip_by_dep=None, packages_skip_up_to=None, packages_select_build_failed=False, packages_skip_build_finished=False, packages_select_test_failures=False, packages_skip_test_passed=False, packages_select=['x1_urdf'], packages_skip=None, packages_select_regex=None, packages_skip_regex=None, packages_start=None, packages_end=None, allow_overriding=[], cmake_args=None, cmake_target=None, cmake_target_skip_unavailable=False, cmake_clean_cache=False, cmake_clean_first=False, cmake_force_configure=False, ament_cmake_args=None, catkin_cmake_args=None, catkin_skip_building_tests=False, verb_parser=<colcon_defaults.argument_parser.defaults.DefaultArgumentsDecorator object at 0x765cedc2b850>, verb_extension=<colcon_core.verb.build.BuildVerb object at 0x765cedc2b250>, main=<bound method BuildVerb.main of <colcon_core.verb.build.BuildVerb object at 0x765cedc2b250>>)
[0.150s] Level 1:colcon.colcon_core.package_discovery:discover_packages(colcon_meta) check parameters
[0.150s] Level 1:colcon.colcon_core.package_discovery:discover_packages(recursive) check parameters
[0.150s] Level 1:colcon.colcon_core.package_discovery:discover_packages(ignore) check parameters
[0.150s] Level 1:colcon.colcon_core.package_discovery:discover_packages(path) check parameters
[0.150s] Level 1:colcon.colcon_core.package_discovery:discover_packages(colcon_meta) discover
[0.150s] Level 1:colcon.colcon_core.package_discovery:discover_packages(recursive) discover
[0.150s] INFO:colcon.colcon_core.package_discovery:Crawling recursively for packages in '/home/lx/projects/x1_urdf'
[0.150s] Level 1:colcon.colcon_core.package_identification:_identify(.) by extensions ['ignore', 'ignore_ament_install']
[0.150s] Level 1:colcon.colcon_core.package_identification:_identify(.) by extension 'ignore'
[0.150s] Level 1:colcon.colcon_core.package_identification:_identify(.) by extension 'ignore_ament_install'
[0.150s] Level 1:colcon.colcon_core.package_identification:_identify(.) by extensions ['colcon_pkg']
[0.150s] Level 1:colcon.colcon_core.package_identification:_identify(.) by extension 'colcon_pkg'
[0.151s] Level 1:colcon.colcon_core.package_identification:_identify(.) by extensions ['colcon_meta']
[0.151s] Level 1:colcon.colcon_core.package_identification:_identify(.) by extension 'colcon_meta'
[0.151s] Level 1:colcon.colcon_core.package_identification:_identify(.) by extensions ['ros']
[0.151s] Level 1:colcon.colcon_core.package_identification:_identify(.) by extension 'ros'
[0.159s] DEBUG:colcon.colcon_core.package_identification:Package '.' with type 'ros.ament_cmake' and name 'x1_urdf'
[0.159s] Level 1:colcon.colcon_core.package_discovery:discover_packages(recursive) using defaults
[0.159s] Level 1:colcon.colcon_core.package_discovery:discover_packages(ignore) discover
[0.159s] Level 1:colcon.colcon_core.package_discovery:discover_packages(ignore) using defaults
[0.159s] Level 1:colcon.colcon_core.package_discovery:discover_packages(path) discover
[0.159s] Level 1:colcon.colcon_core.package_discovery:discover_packages(path) using defaults
[0.172s] Level 1:colcon.colcon_core.package_discovery:discover_packages(prefix_path) check parameters
[0.172s] Level 1:colcon.colcon_core.package_discovery:discover_packages(prefix_path) discover
[0.173s] DEBUG:colcon.colcon_installed_package_information.package_discovery:Found 322 installed packages in /opt/ros/humble
[0.180s] Level 1:colcon.colcon_core.package_discovery:discover_packages(prefix_path) using defaults
[0.204s] Level 5:colcon.colcon_core.verb:set package 'x1_urdf' build argument 'cmake_args' from command line to 'None'
[0.204s] Level 5:colcon.colcon_core.verb:set package 'x1_urdf' build argument 'cmake_target' from command line to 'None'
[0.204s] Level 5:colcon.colcon_core.verb:set package 'x1_urdf' build argument 'cmake_target_skip_unavailable' from command line to 'False'
[0.204s] Level 5:colcon.colcon_core.verb:set package 'x1_urdf' build argument 'cmake_clean_cache' from command line to 'False'
[0.204s] Level 5:colcon.colcon_core.verb:set package 'x1_urdf' build argument 'cmake_clean_first' from command line to 'False'
[0.204s] Level 5:colcon.colcon_core.verb:set package 'x1_urdf' build argument 'cmake_force_configure' from command line to 'False'
[0.204s] Level 5:colcon.colcon_core.verb:set package 'x1_urdf' build argument 'ament_cmake_args' from command line to 'None'
[0.204s] Level 5:colcon.colcon_core.verb:set package 'x1_urdf' build argument 'catkin_cmake_args' from command line to 'None'
[0.204s] Level 5:colcon.colcon_core.verb:set package 'x1_urdf' build argument 'catkin_skip_building_tests' from command line to 'False'
[0.204s] DEBUG:colcon.colcon_core.verb:Building package 'x1_urdf' with the following arguments: {'ament_cmake_args': None, 'build_base': '/home/lx/projects/x1_urdf/build/x1_urdf', 'catkin_cmake_args': None, 'catkin_skip_building_tests': False, 'cmake_args': None, 'cmake_clean_cache': False, 'cmake_clean_first': False, 'cmake_force_configure': False, 'cmake_target': None, 'cmake_target_skip_unavailable': False, 'install_base': '/home/lx/projects/x1_urdf/install/x1_urdf', 'merge_install': False, 'path': '/home/lx/projects/x1_urdf', 'symlink_install': False, 'test_result_base': None}
[0.204s] INFO:colcon.colcon_core.executor:Executing jobs using 'parallel' executor
[0.205s] DEBUG:colcon.colcon_parallel_executor.executor.parallel:run_until_complete
[0.205s] INFO:colcon.colcon_ros.task.ament_cmake.build:Building ROS package in '/home/lx/projects/x1_urdf' with build type 'ament_cmake'
[0.205s] INFO:colcon.colcon_cmake.task.cmake.build:Building CMake package in '/home/lx/projects/x1_urdf'
[0.206s] INFO:colcon.colcon_core.plugin_system:Skipping extension 'colcon_core.shell.bat': Not used on non-Windows systems
[0.206s] INFO:colcon.colcon_core.shell:Skip shell extension 'powershell' for command environment: Not usable outside of PowerShell
[0.206s] DEBUG:colcon.colcon_core.shell:Skip shell extension 'dsv' for command environment
[0.211s] DEBUG:colcon.colcon_core.event_handler.log_command:Invoking command in '/home/lx/projects/x1_urdf/build/x1_urdf': CMAKE_PREFIX_PATH=/opt/ros/humble /opt/cmake/cmake-3.31.6-linux-x86_64/bin/cmake /home/lx/projects/x1_urdf -DCMAKE_INSTALL_PREFIX=/home/lx/projects/x1_urdf/install/x1_urdf
[0.734s] DEBUG:colcon.colcon_core.event_handler.log_command:Invoked command in '/home/lx/projects/x1_urdf/build/x1_urdf' returned '0': CMAKE_PREFIX_PATH=/opt/ros/humble /opt/cmake/cmake-3.31.6-linux-x86_64/bin/cmake /home/lx/projects/x1_urdf -DCMAKE_INSTALL_PREFIX=/home/lx/projects/x1_urdf/install/x1_urdf
[0.736s] DEBUG:colcon.colcon_core.event_handler.log_command:Invoking command in '/home/lx/projects/x1_urdf/build/x1_urdf': CMAKE_PREFIX_PATH=/opt/ros/humble /opt/cmake/cmake-3.31.6-linux-x86_64/bin/cmake --build /home/lx/projects/x1_urdf/build/x1_urdf -- -j16 -l16
[0.749s] DEBUG:colcon.colcon_core.event_handler.log_command:Invoked command in '/home/lx/projects/x1_urdf/build/x1_urdf' returned '0': CMAKE_PREFIX_PATH=/opt/ros/humble /opt/cmake/cmake-3.31.6-linux-x86_64/bin/cmake --build /home/lx/projects/x1_urdf/build/x1_urdf -- -j16 -l16
[0.753s] DEBUG:colcon.colcon_core.event_handler.log_command:Invoking command in '/home/lx/projects/x1_urdf/build/x1_urdf': CMAKE_PREFIX_PATH=/opt/ros/humble /opt/cmake/cmake-3.31.6-linux-x86_64/bin/cmake --install /home/lx/projects/x1_urdf/build/x1_urdf
[0.760s] Level 1:colcon.colcon_core.environment:create_environment_scripts_only(x1_urdf)
[0.760s] DEBUG:colcon.colcon_core.event_handler.log_command:Invoked command in '/home/lx/projects/x1_urdf/build/x1_urdf' returned '0': CMAKE_PREFIX_PATH=/opt/ros/humble /opt/cmake/cmake-3.31.6-linux-x86_64/bin/cmake --install /home/lx/projects/x1_urdf/build/x1_urdf
[0.761s] Level 1:colcon.colcon_core.environment:checking '/home/lx/projects/x1_urdf/install/x1_urdf' for CMake module files
[0.762s] Level 1:colcon.colcon_core.environment:checking '/home/lx/projects/x1_urdf/install/x1_urdf' for CMake config files
[0.762s] Level 1:colcon.colcon_core.shell:create_environment_hook('x1_urdf', 'cmake_prefix_path')
[0.762s] INFO:colcon.colcon_core.shell:Creating environment hook '/home/lx/projects/x1_urdf/install/x1_urdf/share/x1_urdf/hook/cmake_prefix_path.ps1'
[0.762s] INFO:colcon.colcon_core.shell:Creating environment descriptor '/home/lx/projects/x1_urdf/install/x1_urdf/share/x1_urdf/hook/cmake_prefix_path.dsv'
[0.763s] INFO:colcon.colcon_core.shell:Creating environment hook '/home/lx/projects/x1_urdf/install/x1_urdf/share/x1_urdf/hook/cmake_prefix_path.sh'
[0.763s] Level 1:colcon.colcon_core.environment:checking '/home/lx/projects/x1_urdf/install/x1_urdf/bin'
[0.763s] Level 1:colcon.colcon_core.environment:checking '/home/lx/projects/x1_urdf/install/x1_urdf/lib/pkgconfig/x1_urdf.pc'
[0.763s] Level 1:colcon.colcon_core.environment:checking '/home/lx/projects/x1_urdf/install/x1_urdf/lib/python3.10/site-packages'
[0.763s] Level 1:colcon.colcon_core.environment:checking '/home/lx/projects/x1_urdf/install/x1_urdf/bin'
[0.764s] INFO:colcon.colcon_core.shell:Creating package script '/home/lx/projects/x1_urdf/install/x1_urdf/share/x1_urdf/package.ps1'
[0.764s] INFO:colcon.colcon_core.shell:Creating package descriptor '/home/lx/projects/x1_urdf/install/x1_urdf/share/x1_urdf/package.dsv'
[0.764s] INFO:colcon.colcon_core.shell:Creating package script '/home/lx/projects/x1_urdf/install/x1_urdf/share/x1_urdf/package.sh'
[0.765s] INFO:colcon.colcon_core.shell:Creating package script '/home/lx/projects/x1_urdf/install/x1_urdf/share/x1_urdf/package.bash'
[0.765s] INFO:colcon.colcon_core.shell:Creating package script '/home/lx/projects/x1_urdf/install/x1_urdf/share/x1_urdf/package.zsh'
[0.766s] Level 1:colcon.colcon_core.environment:create_file_with_runtime_dependencies(/home/lx/projects/x1_urdf/install/x1_urdf/share/colcon-core/packages/x1_urdf)
[0.766s] Level 1:colcon.colcon_core.environment:create_environment_scripts_only(x1_urdf)
[0.766s] Level 1:colcon.colcon_core.environment:checking '/home/lx/projects/x1_urdf/install/x1_urdf' for CMake module files
[0.766s] Level 1:colcon.colcon_core.environment:checking '/home/lx/projects/x1_urdf/install/x1_urdf' for CMake config files
[0.767s] Level 1:colcon.colcon_core.shell:create_environment_hook('x1_urdf', 'cmake_prefix_path')
[0.767s] INFO:colcon.colcon_core.shell:Creating environment hook '/home/lx/projects/x1_urdf/install/x1_urdf/share/x1_urdf/hook/cmake_prefix_path.ps1'
[0.767s] INFO:colcon.colcon_core.shell:Creating environment descriptor '/home/lx/projects/x1_urdf/install/x1_urdf/share/x1_urdf/hook/cmake_prefix_path.dsv'
[0.767s] INFO:colcon.colcon_core.shell:Creating environment hook '/home/lx/projects/x1_urdf/install/x1_urdf/share/x1_urdf/hook/cmake_prefix_path.sh'
[0.768s] Level 1:colcon.colcon_core.environment:checking '/home/lx/projects/x1_urdf/install/x1_urdf/bin'
[0.768s] Level 1:colcon.colcon_core.environment:checking '/home/lx/projects/x1_urdf/install/x1_urdf/lib/pkgconfig/x1_urdf.pc'
[0.768s] Level 1:colcon.colcon_core.environment:checking '/home/lx/projects/x1_urdf/install/x1_urdf/lib/python3.10/site-packages'
[0.768s] Level 1:colcon.colcon_core.environment:checking '/home/lx/projects/x1_urdf/install/x1_urdf/bin'
[0.768s] INFO:colcon.colcon_core.shell:Creating package script '/home/lx/projects/x1_urdf/install/x1_urdf/share/x1_urdf/package.ps1'
[0.768s] INFO:colcon.colcon_core.shell:Creating package descriptor '/home/lx/projects/x1_urdf/install/x1_urdf/share/x1_urdf/package.dsv'
[0.768s] INFO:colcon.colcon_core.shell:Creating package script '/home/lx/projects/x1_urdf/install/x1_urdf/share/x1_urdf/package.sh'
[0.769s] INFO:colcon.colcon_core.shell:Creating package script '/home/lx/projects/x1_urdf/install/x1_urdf/share/x1_urdf/package.bash'
[0.769s] INFO:colcon.colcon_core.shell:Creating package script '/home/lx/projects/x1_urdf/install/x1_urdf/share/x1_urdf/package.zsh'
[0.769s] Level 1:colcon.colcon_core.environment:create_file_with_runtime_dependencies(/home/lx/projects/x1_urdf/install/x1_urdf/share/colcon-core/packages/x1_urdf)
[0.769s] DEBUG:colcon.colcon_parallel_executor.executor.parallel:closing loop
[0.769s] DEBUG:colcon.colcon_parallel_executor.executor.parallel:loop closed
[0.770s] DEBUG:colcon.colcon_parallel_executor.executor.parallel:run_until_complete finished with '0'
[0.770s] DEBUG:colcon.colcon_core.event_reactor:joining thread
[0.773s] INFO:colcon.colcon_core.plugin_system:Skipping extension 'colcon_notification.desktop_notification.terminal_notifier': Not used on non-Darwin systems
[0.773s] INFO:colcon.colcon_core.plugin_system:Skipping extension 'colcon_notification.desktop_notification.win32': Not used on non-Windows systems
[0.773s] INFO:colcon.colcon_notification.desktop_notification:Sending desktop notification using 'notify2'
[0.785s] DEBUG:colcon.colcon_core.event_reactor:joined thread
[0.785s] INFO:colcon.colcon_core.shell:Creating prefix script '/home/lx/projects/x1_urdf/install/local_setup.ps1'
[0.785s] INFO:colcon.colcon_core.shell:Creating prefix util module '/home/lx/projects/x1_urdf/install/_local_setup_util_ps1.py'
[0.786s] INFO:colcon.colcon_core.shell:Creating prefix chain script '/home/lx/projects/x1_urdf/install/setup.ps1'
[0.787s] INFO:colcon.colcon_core.shell:Creating prefix script '/home/lx/projects/x1_urdf/install/local_setup.sh'
[0.788s] INFO:colcon.colcon_core.shell:Creating prefix util module '/home/lx/projects/x1_urdf/install/_local_setup_util_sh.py'
[0.788s] INFO:colcon.colcon_core.shell:Creating prefix chain script '/home/lx/projects/x1_urdf/install/setup.sh'
[0.789s] INFO:colcon.colcon_core.shell:Creating prefix script '/home/lx/projects/x1_urdf/install/local_setup.bash'
[0.789s] INFO:colcon.colcon_core.shell:Creating prefix chain script '/home/lx/projects/x1_urdf/install/setup.bash'
[0.790s] INFO:colcon.colcon_core.shell:Creating prefix script '/home/lx/projects/x1_urdf/install/local_setup.zsh'
[0.790s] INFO:colcon.colcon_core.shell:Creating prefix chain script '/home/lx/projects/x1_urdf/install/setup.zsh'
