[0.101s] DEBUG:colcon:Command line arguments: ['/usr/bin/colcon', 'build', '--packages-select', 'x1_urdf']
[0.101s] DEBUG:colcon:Parsed command line arguments: Namespace(allow_overriding=[], ament_cmake_args=None, base_paths=['.'], build_base='build', catkin_cmake_args=None, catkin_skip_building_tests=False, cmake_args=None, cmake_clean_cache=False, cmake_clean_first=False, cmake_force_configure=False, cmake_target=None, cmake_target_skip_unavailable=False, continue_on_error=False, event_handlers=None, executor='parallel', ignore_user_meta=False, install_base='install', log_base=None, log_level=None, main=<bound method BuildVerb.main of <colcon_core.verb.build.BuildVerb object at 0x7f5ff7f5aaf0>>, merge_install=False, metas=['./colcon.meta'], mixin=None, mixin_files=None, mixin_verb=('build',), packages_above=None, packages_above_and_dependencies=None, packages_above_depth=None, packages_end=None, packages_ignore=None, packages_ignore_regex=None, packages_select=['x1_urdf'], packages_select_build_failed=False, packages_select_by_dep=None, packages_select_regex=None, packages_select_test_failures=False, packages_skip=None, packages_skip_build_finished=False, packages_skip_by_dep=None, packages_skip_regex=None, packages_skip_test_passed=False, packages_skip_up_to=None, packages_start=None, packages_up_to=None, packages_up_to_regex=None, parallel_workers=20, paths=None, symlink_install=False, test_result_base=None, verb_extension=<colcon_core.verb.build.BuildVerb object at 0x7f5ff7f5aaf0>, verb_name='build', verb_parser=<colcon_mixin.mixin.mixin_argument.MixinArgumentDecorator object at 0x7f5ff7e9a970>)
[0.174s] Level 1:colcon.colcon_core.package_discovery:discover_packages(colcon_meta) check parameters
[0.174s] Level 1:colcon.colcon_core.package_discovery:discover_packages(recursive) check parameters
[0.174s] Level 1:colcon.colcon_core.package_discovery:discover_packages(ignore) check parameters
[0.174s] Level 1:colcon.colcon_core.package_discovery:discover_packages(path) check parameters
[0.174s] Level 1:colcon.colcon_core.package_discovery:discover_packages(colcon_meta) discover
[0.174s] Level 1:colcon.colcon_core.package_discovery:discover_packages(recursive) discover
[0.174s] INFO:colcon.colcon_core.package_discovery:Crawling recursively for packages in '/media/handsfree/新加卷/__Project/_weight/ROS2/x1_urdf'
[0.174s] Level 1:colcon.colcon_core.package_identification:_identify(.) by extensions ['ignore', 'ignore_ament_install']
[0.174s] Level 1:colcon.colcon_core.package_identification:_identify(.) by extension 'ignore'
[0.174s] Level 1:colcon.colcon_core.package_identification:_identify(.) by extension 'ignore_ament_install'
[0.174s] Level 1:colcon.colcon_core.package_identification:_identify(.) by extensions ['colcon_pkg']
[0.174s] Level 1:colcon.colcon_core.package_identification:_identify(.) by extension 'colcon_pkg'
[0.174s] Level 1:colcon.colcon_core.package_identification:_identify(.) by extensions ['colcon_meta']
[0.174s] Level 1:colcon.colcon_core.package_identification:_identify(.) by extension 'colcon_meta'
[0.174s] Level 1:colcon.colcon_core.package_identification:_identify(.) by extensions ['ros']
[0.174s] Level 1:colcon.colcon_core.package_identification:_identify(.) by extension 'ros'
[0.182s] DEBUG:colcon.colcon_core.package_identification:Package '.' with type 'ros.ament_cmake' and name 'x1_urdf'
[0.182s] Level 1:colcon.colcon_core.package_discovery:discover_packages(recursive) using defaults
[0.182s] Level 1:colcon.colcon_core.package_discovery:discover_packages(ignore) discover
[0.182s] Level 1:colcon.colcon_core.package_discovery:discover_packages(ignore) using defaults
[0.182s] Level 1:colcon.colcon_core.package_discovery:discover_packages(path) discover
[0.182s] Level 1:colcon.colcon_core.package_discovery:discover_packages(path) using defaults
[0.190s] Level 1:colcon.colcon_core.package_discovery:discover_packages(prefix_path) check parameters
[0.190s] Level 1:colcon.colcon_core.package_discovery:discover_packages(prefix_path) discover
[0.192s] DEBUG:colcon.colcon_installed_package_information.package_discovery:Found 1 installed packages in /media/handsfree/4b910ed7-da28-4d85-8ec9-d6c158a54b51/home/kvkcon/__Project/__Project/_weight/ROS2/x1_urdf/install
[0.193s] DEBUG:colcon.colcon_installed_package_information.package_discovery:Found 320 installed packages in /opt/ros/foxy
[0.200s] Level 1:colcon.colcon_core.package_discovery:discover_packages(prefix_path) using defaults
[0.229s] Level 5:colcon.colcon_core.verb:set package 'x1_urdf' build argument 'cmake_args' from command line to 'None'
[0.229s] Level 5:colcon.colcon_core.verb:set package 'x1_urdf' build argument 'cmake_target' from command line to 'None'
[0.229s] Level 5:colcon.colcon_core.verb:set package 'x1_urdf' build argument 'cmake_target_skip_unavailable' from command line to 'False'
[0.229s] Level 5:colcon.colcon_core.verb:set package 'x1_urdf' build argument 'cmake_clean_cache' from command line to 'False'
[0.229s] Level 5:colcon.colcon_core.verb:set package 'x1_urdf' build argument 'cmake_clean_first' from command line to 'False'
[0.229s] Level 5:colcon.colcon_core.verb:set package 'x1_urdf' build argument 'cmake_force_configure' from command line to 'False'
[0.229s] Level 5:colcon.colcon_core.verb:set package 'x1_urdf' build argument 'ament_cmake_args' from command line to 'None'
[0.229s] Level 5:colcon.colcon_core.verb:set package 'x1_urdf' build argument 'catkin_cmake_args' from command line to 'None'
[0.229s] Level 5:colcon.colcon_core.verb:set package 'x1_urdf' build argument 'catkin_skip_building_tests' from command line to 'False'
[0.229s] DEBUG:colcon.colcon_core.verb:Building package 'x1_urdf' with the following arguments: {'ament_cmake_args': None, 'build_base': '/media/handsfree/新加卷/__Project/_weight/ROS2/x1_urdf/build/x1_urdf', 'catkin_cmake_args': None, 'catkin_skip_building_tests': False, 'cmake_args': None, 'cmake_clean_cache': False, 'cmake_clean_first': False, 'cmake_force_configure': False, 'cmake_target': None, 'cmake_target_skip_unavailable': False, 'install_base': '/media/handsfree/新加卷/__Project/_weight/ROS2/x1_urdf/install/x1_urdf', 'merge_install': False, 'path': '/media/handsfree/新加卷/__Project/_weight/ROS2/x1_urdf', 'symlink_install': False, 'test_result_base': None}
[0.229s] INFO:colcon.colcon_core.executor:Executing jobs using 'parallel' executor
[0.230s] DEBUG:colcon.colcon_parallel_executor.executor.parallel:run_until_complete
[0.230s] INFO:colcon.colcon_ros.task.ament_cmake.build:Building ROS package in '/media/handsfree/新加卷/__Project/_weight/ROS2/x1_urdf' with build type 'ament_cmake'
[0.230s] INFO:colcon.colcon_cmake.task.cmake.build:Building CMake package in '/media/handsfree/新加卷/__Project/_weight/ROS2/x1_urdf'
[0.231s] INFO:colcon.colcon_core.plugin_system:Skipping extension 'colcon_core.shell.bat': Not used on non-Windows systems
[0.231s] INFO:colcon.colcon_core.shell:Skip shell extension 'powershell' for command environment: Not usable outside of PowerShell
[0.231s] DEBUG:colcon.colcon_core.shell:Skip shell extension 'dsv' for command environment
[0.239s] DEBUG:colcon.colcon_core.event_handler.log_command:Invoking command in '/media/handsfree/新加卷/__Project/_weight/ROS2/x1_urdf/build/x1_urdf': CMAKE_PREFIX_PATH=${CMAKE_PREFIX_PATH}:/opt/ros/foxy CONDA_PROMPT_MODIFIER=(base) /usr/local/bin/cmake /media/handsfree/新加卷/__Project/_weight/ROS2/x1_urdf -DCMAKE_INSTALL_PREFIX=/media/handsfree/新加卷/__Project/_weight/ROS2/x1_urdf/install/x1_urdf
[1.806s] DEBUG:colcon.colcon_core.event_handler.log_command:Invoked command in '/media/handsfree/新加卷/__Project/_weight/ROS2/x1_urdf/build/x1_urdf' returned '0': CMAKE_PREFIX_PATH=${CMAKE_PREFIX_PATH}:/opt/ros/foxy CONDA_PROMPT_MODIFIER=(base) /usr/local/bin/cmake /media/handsfree/新加卷/__Project/_weight/ROS2/x1_urdf -DCMAKE_INSTALL_PREFIX=/media/handsfree/新加卷/__Project/_weight/ROS2/x1_urdf/install/x1_urdf
[1.808s] DEBUG:colcon.colcon_core.event_handler.log_command:Invoking command in '/media/handsfree/新加卷/__Project/_weight/ROS2/x1_urdf/build/x1_urdf': CMAKE_PREFIX_PATH=${CMAKE_PREFIX_PATH}:/opt/ros/foxy CONDA_PROMPT_MODIFIER=(base) /usr/local/bin/cmake --build /media/handsfree/新加卷/__Project/_weight/ROS2/x1_urdf/build/x1_urdf -- -j20 -l20
[1.819s] DEBUG:colcon.colcon_core.event_handler.log_command:Invoked command in '/media/handsfree/新加卷/__Project/_weight/ROS2/x1_urdf/build/x1_urdf' returned '0': CMAKE_PREFIX_PATH=${CMAKE_PREFIX_PATH}:/opt/ros/foxy CONDA_PROMPT_MODIFIER=(base) /usr/local/bin/cmake --build /media/handsfree/新加卷/__Project/_weight/ROS2/x1_urdf/build/x1_urdf -- -j20 -l20
[1.832s] DEBUG:colcon.colcon_core.event_handler.log_command:Invoking command in '/media/handsfree/新加卷/__Project/_weight/ROS2/x1_urdf/build/x1_urdf': CMAKE_PREFIX_PATH=${CMAKE_PREFIX_PATH}:/opt/ros/foxy CONDA_PROMPT_MODIFIER=(base) /usr/local/bin/cmake --install /media/handsfree/新加卷/__Project/_weight/ROS2/x1_urdf/build/x1_urdf
[1.881s] Level 1:colcon.colcon_core.environment:create_environment_scripts_only(x1_urdf)
[1.881s] DEBUG:colcon.colcon_core.event_handler.log_command:Invoked command in '/media/handsfree/新加卷/__Project/_weight/ROS2/x1_urdf/build/x1_urdf' returned '0': CMAKE_PREFIX_PATH=${CMAKE_PREFIX_PATH}:/opt/ros/foxy CONDA_PROMPT_MODIFIER=(base) /usr/local/bin/cmake --install /media/handsfree/新加卷/__Project/_weight/ROS2/x1_urdf/build/x1_urdf
[1.882s] Level 1:colcon.colcon_core.environment:checking '/media/handsfree/新加卷/__Project/_weight/ROS2/x1_urdf/install/x1_urdf' for CMake module files
[1.884s] Level 1:colcon.colcon_core.environment:checking '/media/handsfree/新加卷/__Project/_weight/ROS2/x1_urdf/install/x1_urdf' for CMake config files
[1.885s] Level 1:colcon.colcon_core.shell:create_environment_hook('x1_urdf', 'cmake_prefix_path')
[1.885s] INFO:colcon.colcon_core.shell:Creating environment hook '/media/handsfree/新加卷/__Project/_weight/ROS2/x1_urdf/install/x1_urdf/share/x1_urdf/hook/cmake_prefix_path.ps1'
[1.886s] INFO:colcon.colcon_core.shell:Creating environment descriptor '/media/handsfree/新加卷/__Project/_weight/ROS2/x1_urdf/install/x1_urdf/share/x1_urdf/hook/cmake_prefix_path.dsv'
[1.886s] INFO:colcon.colcon_core.shell:Creating environment hook '/media/handsfree/新加卷/__Project/_weight/ROS2/x1_urdf/install/x1_urdf/share/x1_urdf/hook/cmake_prefix_path.sh'
[1.887s] Level 1:colcon.colcon_core.environment:checking '/media/handsfree/新加卷/__Project/_weight/ROS2/x1_urdf/install/x1_urdf/bin'
[1.887s] Level 1:colcon.colcon_core.environment:checking '/media/handsfree/新加卷/__Project/_weight/ROS2/x1_urdf/install/x1_urdf/lib/pkgconfig/x1_urdf.pc'
[1.887s] Level 1:colcon.colcon_core.environment:checking '/media/handsfree/新加卷/__Project/_weight/ROS2/x1_urdf/install/x1_urdf/lib/python3.8/site-packages'
[1.887s] Level 1:colcon.colcon_core.environment:checking '/media/handsfree/新加卷/__Project/_weight/ROS2/x1_urdf/install/x1_urdf/bin'
[1.888s] INFO:colcon.colcon_core.shell:Creating package script '/media/handsfree/新加卷/__Project/_weight/ROS2/x1_urdf/install/x1_urdf/share/x1_urdf/package.ps1'
[1.888s] INFO:colcon.colcon_core.shell:Creating package descriptor '/media/handsfree/新加卷/__Project/_weight/ROS2/x1_urdf/install/x1_urdf/share/x1_urdf/package.dsv'
[1.889s] INFO:colcon.colcon_core.shell:Creating package script '/media/handsfree/新加卷/__Project/_weight/ROS2/x1_urdf/install/x1_urdf/share/x1_urdf/package.sh'
[1.889s] INFO:colcon.colcon_core.shell:Creating package script '/media/handsfree/新加卷/__Project/_weight/ROS2/x1_urdf/install/x1_urdf/share/x1_urdf/package.bash'
[1.890s] INFO:colcon.colcon_core.shell:Creating package script '/media/handsfree/新加卷/__Project/_weight/ROS2/x1_urdf/install/x1_urdf/share/x1_urdf/package.zsh'
[1.890s] Level 1:colcon.colcon_core.environment:create_file_with_runtime_dependencies(/media/handsfree/新加卷/__Project/_weight/ROS2/x1_urdf/install/x1_urdf/share/colcon-core/packages/x1_urdf)
[1.899s] Level 1:colcon.colcon_core.environment:create_environment_scripts_only(x1_urdf)
[1.899s] Level 1:colcon.colcon_core.environment:checking '/media/handsfree/新加卷/__Project/_weight/ROS2/x1_urdf/install/x1_urdf' for CMake module files
[1.901s] Level 1:colcon.colcon_core.environment:checking '/media/handsfree/新加卷/__Project/_weight/ROS2/x1_urdf/install/x1_urdf' for CMake config files
[1.902s] Level 1:colcon.colcon_core.shell:create_environment_hook('x1_urdf', 'cmake_prefix_path')
[1.902s] INFO:colcon.colcon_core.shell:Creating environment hook '/media/handsfree/新加卷/__Project/_weight/ROS2/x1_urdf/install/x1_urdf/share/x1_urdf/hook/cmake_prefix_path.ps1'
[1.903s] INFO:colcon.colcon_core.shell:Creating environment descriptor '/media/handsfree/新加卷/__Project/_weight/ROS2/x1_urdf/install/x1_urdf/share/x1_urdf/hook/cmake_prefix_path.dsv'
[1.903s] INFO:colcon.colcon_core.shell:Creating environment hook '/media/handsfree/新加卷/__Project/_weight/ROS2/x1_urdf/install/x1_urdf/share/x1_urdf/hook/cmake_prefix_path.sh'
[1.903s] Level 1:colcon.colcon_core.environment:checking '/media/handsfree/新加卷/__Project/_weight/ROS2/x1_urdf/install/x1_urdf/bin'
[1.904s] Level 1:colcon.colcon_core.environment:checking '/media/handsfree/新加卷/__Project/_weight/ROS2/x1_urdf/install/x1_urdf/lib/pkgconfig/x1_urdf.pc'
[1.904s] Level 1:colcon.colcon_core.environment:checking '/media/handsfree/新加卷/__Project/_weight/ROS2/x1_urdf/install/x1_urdf/lib/python3.8/site-packages'
[1.904s] Level 1:colcon.colcon_core.environment:checking '/media/handsfree/新加卷/__Project/_weight/ROS2/x1_urdf/install/x1_urdf/bin'
[1.904s] INFO:colcon.colcon_core.shell:Creating package script '/media/handsfree/新加卷/__Project/_weight/ROS2/x1_urdf/install/x1_urdf/share/x1_urdf/package.ps1'
[1.904s] INFO:colcon.colcon_core.shell:Creating package descriptor '/media/handsfree/新加卷/__Project/_weight/ROS2/x1_urdf/install/x1_urdf/share/x1_urdf/package.dsv'
[1.905s] INFO:colcon.colcon_core.shell:Creating package script '/media/handsfree/新加卷/__Project/_weight/ROS2/x1_urdf/install/x1_urdf/share/x1_urdf/package.sh'
[1.905s] INFO:colcon.colcon_core.shell:Creating package script '/media/handsfree/新加卷/__Project/_weight/ROS2/x1_urdf/install/x1_urdf/share/x1_urdf/package.bash'
[1.906s] INFO:colcon.colcon_core.shell:Creating package script '/media/handsfree/新加卷/__Project/_weight/ROS2/x1_urdf/install/x1_urdf/share/x1_urdf/package.zsh'
[1.906s] Level 1:colcon.colcon_core.environment:create_file_with_runtime_dependencies(/media/handsfree/新加卷/__Project/_weight/ROS2/x1_urdf/install/x1_urdf/share/colcon-core/packages/x1_urdf)
[1.906s] DEBUG:colcon.colcon_parallel_executor.executor.parallel:closing loop
[1.906s] DEBUG:colcon.colcon_parallel_executor.executor.parallel:loop closed
[1.906s] DEBUG:colcon.colcon_parallel_executor.executor.parallel:run_until_complete finished with '0'
[1.907s] DEBUG:colcon.colcon_core.event_reactor:joining thread
[1.910s] INFO:colcon.colcon_core.plugin_system:Skipping extension 'colcon_notification.desktop_notification.terminal_notifier': Not used on non-Darwin systems
[1.910s] INFO:colcon.colcon_core.plugin_system:Skipping extension 'colcon_notification.desktop_notification.win32': Not used on non-Windows systems
[1.910s] INFO:colcon.colcon_notification.desktop_notification:Sending desktop notification using 'notify2'
[1.917s] DEBUG:colcon.colcon_core.event_reactor:joined thread
[1.917s] INFO:colcon.colcon_core.shell:Creating prefix script '/media/handsfree/新加卷/__Project/_weight/ROS2/x1_urdf/install/local_setup.ps1'
[1.919s] INFO:colcon.colcon_core.shell:Creating prefix util module '/media/handsfree/新加卷/__Project/_weight/ROS2/x1_urdf/install/_local_setup_util_ps1.py'
[1.920s] INFO:colcon.colcon_core.shell:Creating prefix chain script '/media/handsfree/新加卷/__Project/_weight/ROS2/x1_urdf/install/setup.ps1'
[1.921s] INFO:colcon.colcon_core.shell:Creating prefix script '/media/handsfree/新加卷/__Project/_weight/ROS2/x1_urdf/install/local_setup.sh'
[1.921s] INFO:colcon.colcon_core.shell:Creating prefix util module '/media/handsfree/新加卷/__Project/_weight/ROS2/x1_urdf/install/_local_setup_util_sh.py'
[1.922s] INFO:colcon.colcon_core.shell:Creating prefix chain script '/media/handsfree/新加卷/__Project/_weight/ROS2/x1_urdf/install/setup.sh'
[1.923s] INFO:colcon.colcon_core.shell:Creating prefix script '/media/handsfree/新加卷/__Project/_weight/ROS2/x1_urdf/install/local_setup.bash'
[1.923s] INFO:colcon.colcon_core.shell:Creating prefix chain script '/media/handsfree/新加卷/__Project/_weight/ROS2/x1_urdf/install/setup.bash'
[1.924s] INFO:colcon.colcon_core.shell:Creating prefix script '/media/handsfree/新加卷/__Project/_weight/ROS2/x1_urdf/install/local_setup.zsh'
[1.924s] INFO:colcon.colcon_core.shell:Creating prefix chain script '/media/handsfree/新加卷/__Project/_weight/ROS2/x1_urdf/install/setup.zsh'
